[debug] [2021-04-28T16:51:00.207Z] ----------------------------------------------------------------------
[debug] [2021-04-28T16:51:00.209Z] Command:       C:\Program Files\nodejs\node.exe C:\Users\Srinjoy\AppData\Roaming\npm\node_modules\firebase-tools\lib\bin\firebase.js emulators:start
[debug] [2021-04-28T16:51:00.209Z] CLI Version:   9.10.0
[debug] [2021-04-28T16:51:00.209Z] Platform:      win32
[debug] [2021-04-28T16:51:00.209Z] Node Version:  v12.18.3
[debug] [2021-04-28T16:51:00.210Z] Time:          Wed Apr 28 2021 22:21:00 GMT+0530 (India Standard Time)
[debug] [2021-04-28T16:51:00.210Z] ----------------------------------------------------------------------
[debug] 
[debug] [2021-04-28T16:51:00.212Z] >>> [apiv2][query] GET https://firebase-public.firebaseio.com/cli.json [none]
[debug] [2021-04-28T16:51:00.237Z] > command requires scopes: ["email","openid","https://www.googleapis.com/auth/cloudplatformprojects.readonly","https://www.googleapis.com/auth/firebase","https://www.googleapis.com/auth/cloud-platform"]
[debug] [2021-04-28T16:51:00.238Z] > authorizing via signed-in user (srinjoyburmanrko@gmail.com)
[info] i  emulators: Starting emulators: functions, hosting {"metadata":{"emulator":{"name":"hub"},"message":"Starting emulators: functions, hosting"}}
[debug] [2021-04-28T16:51:01.748Z] <<< [apiv2][status] GET https://firebase-public.firebaseio.com/cli.json 200
[debug] [2021-04-28T16:51:01.748Z] <<< [apiv2][body] GET https://firebase-public.firebaseio.com/cli.json {"cloudBuildErrorAfter":1594252800000,"cloudBuildWarnAfter":1590019200000,"defaultNode10After":1594252800000,"minVersion":"3.0.5","node8DeploysDisabledAfter":1613390400000,"node8RuntimeDisabledAfter":1615809600000,"node8WarnAfter":1600128000000}
[warn] !  emulators: It seems that you are running multiple instances of the emulator suite for project clone-1f6e5. This may result in unexpected behavior. 
[debug] [2021-04-28T16:51:02.306Z] [hub] writing locator at C:\Users\Srinjoy\AppData\Local\Temp\hub-clone-1f6e5.json
[warn] !  functions: The following emulators are not running, calls to these services from the Functions emulator will affect production: auth, firestore, database, pubsub {"metadata":{"emulator":{"name":"functions"},"message":"The following emulators are not running, calls to these services from the Functions emulator will affect production: \u001b[1mauth, firestore, database, pubsub\u001b[22m"}}
[info] +  functions: Using node@12 from host. {"metadata":{"emulator":{"name":"functions"},"message":"Using node@12 from host."}}
[debug] [2021-04-28T16:51:04.379Z] defaultcredentials: writing to file C:\Users\Srinjoy\AppData\Roaming\firebase\srinjoyburmanrko_gmail_com_application_default_credentials.json
[debug] [2021-04-28T16:51:04.383Z] Setting GAC to C:\Users\Srinjoy\AppData\Roaming\firebase\srinjoyburmanrko_gmail_com_application_default_credentials.json {"metadata":{"emulator":{"name":"functions"},"message":"Setting GAC to C:\\Users\\Srinjoy\\AppData\\Roaming\\firebase\\srinjoyburmanrko_gmail_com_application_default_credentials.json"}}
[debug] [2021-04-28T16:51:04.384Z] > refreshing access token with scopes: []
[debug] [2021-04-28T16:51:04.384Z] >>> HTTP REQUEST POST https://www.googleapis.com/oauth2/v3/token  
 <request body omitted>
[debug] [2021-04-28T16:51:04.693Z] <<< HTTP RESPONSE 200 {"expires":"Mon, 01 Jan 1990 00:00:00 GMT","cache-control":"no-cache, no-store, max-age=0, must-revalidate","pragma":"no-cache","date":"Wed, 28 Apr 2021 16:51:04 GMT","content-type":"application/json; charset=utf-8","vary":"X-Origin, Referer, Origin,Accept-Encoding","server":"scaffolding on HTTPServer2","x-xss-protection":"0","x-frame-options":"SAMEORIGIN","x-content-type-options":"nosniff","alt-svc":"h3-29=\":443\"; ma=2592000,h3-T051=\":443\"; ma=2592000,h3-Q050=\":443\"; ma=2592000,h3-Q046=\":443\"; ma=2592000,h3-Q043=\":443\"; ma=2592000,quic=\":443\"; ma=2592000; v=\"46,43\"","accept-ranges":"none","transfer-encoding":"chunked"}
[debug] [2021-04-28T16:51:04.712Z] >>> [apiv2][query] GET https://firebase.googleapis.com/v1beta1/projects/clone-1f6e5/adminSdkConfig [none]
[debug] [2021-04-28T16:51:05.434Z] <<< [apiv2][status] GET https://firebase.googleapis.com/v1beta1/projects/clone-1f6e5/adminSdkConfig 200
[debug] [2021-04-28T16:51:05.434Z] <<< [apiv2][body] GET https://firebase.googleapis.com/v1beta1/projects/clone-1f6e5/adminSdkConfig {"projectId":"clone-1f6e5","storageBucket":"clone-1f6e5.appspot.com","locationId":"asia-south1"}
[debug] [2021-04-28T16:51:07.456Z] >>> [apiv2][query] GET https://firebase.googleapis.com/v1beta1/projects/clone-1f6e5/webApps/-/config [none]
[debug] [2021-04-28T16:51:08.784Z] <<< [apiv2][status] GET https://firebase.googleapis.com/v1beta1/projects/clone-1f6e5/webApps/-/config 200
[debug] [2021-04-28T16:51:08.785Z] <<< [apiv2][body] GET https://firebase.googleapis.com/v1beta1/projects/clone-1f6e5/webApps/-/config {"projectId":"clone-1f6e5","appId":"1:956693514502:web:a091832a905abd6b5cb687","storageBucket":"clone-1f6e5.appspot.com","locationId":"asia-south1","apiKey":"AIzaSyBwoLA9zzKXIBD_SUZLUf6HmeEz3hSjJb0","authDomain":"clone-1f6e5.firebaseapp.com","messagingSenderId":"956693514502","measurementId":"G-5ZVJJFHQWL"}
[info] i  hosting: Serving hosting files from: build {"metadata":{"emulator":{"name":"hosting"},"message":"Serving hosting files from: \u001b[1mbuild\u001b[22m"}}
[info] +  hosting: Local server: http://localhost:5000 {"metadata":{"emulator":{"name":"hosting"},"message":"Local server: \u001b[4m\u001b[1mhttp://localhost:5000\u001b[22m\u001b[24m"}}
[debug] [2021-04-28T16:51:12.921Z] Ignoring unsupported arg: auto_download {"metadata":{"emulator":{"name":"ui"},"message":"Ignoring unsupported arg: auto_download"}}
[debug] [2021-04-28T16:51:12.921Z] Ignoring unsupported arg: port {"metadata":{"emulator":{"name":"ui"},"message":"Ignoring unsupported arg: port"}}
[debug] [2021-04-28T16:51:12.922Z] Starting Emulator UI with command {"binary":"node","args":["C:\\Users\\Srinjoy\\.cache\\firebase\\emulators\\ui-v1.4.2\\server.bundle.js"],"optionalArgs":[],"joinArgs":false} {"metadata":{"emulator":{"name":"ui"},"message":"Starting Emulator UI with command {\"binary\":\"node\",\"args\":[\"C:\\\\Users\\\\Srinjoy\\\\.cache\\\\firebase\\\\emulators\\\\ui-v1.4.2\\\\server.bundle.js\"],\"optionalArgs\":[],\"joinArgs\":false}"}}
[info] i  ui: Emulator UI logging to ui-debug.log {"metadata":{"emulator":{"name":"ui"},"message":"Emulator UI logging to \u001b[1mui-debug.log\u001b[22m"}}
[debug] [2021-04-28T16:51:13.058Z] Web / API server started at http://localhost:4000
 {"metadata":{"emulator":{"name":"ui"},"message":"Web / API server started at http://localhost:4000\n"}}
[info] i  functions: Watching "C:\Users\Srinjoy\Documents\Projects\Capstone Project\amazon-clone\functions" for Cloud Functions... {"metadata":{"emulator":{"name":"functions"},"message":"Watching \"C:\\Users\\Srinjoy\\Documents\\Projects\\Capstone Project\\amazon-clone\\functions\" for Cloud Functions..."}}
[debug] [2021-04-28T16:51:13.458Z] [worker-pool] addWorker(~diagnostic~) {"metadata":{"emulator":{"name":"functions"},"message":"[worker-pool] addWorker(~diagnostic~)"}}
[debug] [2021-04-28T16:51:13.458Z] [worker-pool] Adding worker with key ~diagnostic~, total=1 {"metadata":{"emulator":{"name":"functions"},"message":"[worker-pool] Adding worker with key ~diagnostic~, total=1"}}
[debug] [2021-04-28T16:51:13.458Z] [worker-pool] submitWork(triggerId=) {"metadata":{"emulator":{"name":"functions"},"message":"[worker-pool] submitWork(triggerId=)"}}
[debug] [2021-04-28T16:51:13.459Z] [worker-~diagnostic~-702cc4e1-154b-44f3-b877-84233c19cd5a]: Assigning socketPath: \\?\pipe\C:\Users\Srinjoy\Documents\Projects\Capstone Project\amazon-clone\functions\17196 {"metadata":{"emulator":{"name":"functions"},"message":"[worker-~diagnostic~-702cc4e1-154b-44f3-b877-84233c19cd5a]: Assigning socketPath: \\\\?\\pipe\\C:\\Users\\Srinjoy\\Documents\\Projects\\Capstone Project\\amazon-clone\\functions\\17196"}}
[debug] [2021-04-28T16:51:13.459Z] [worker-~diagnostic~-702cc4e1-154b-44f3-b877-84233c19cd5a]: BUSY {"metadata":{"emulator":{"name":"functions"},"message":"[worker-~diagnostic~-702cc4e1-154b-44f3-b877-84233c19cd5a]: BUSY"}}
[debug] [2021-04-28T16:51:13.742Z] [runtime-status] [17196] Functions runtime initialized. {"cwd":"C:\\Users\\Srinjoy\\Documents\\Projects\\Capstone Project\\amazon-clone\\functions","node_version":"12.18.3"} {"metadata":{"emulator":{"name":"functions"},"message":"[runtime-status] [17196] Functions runtime initialized. {\"cwd\":\"C:\\\\Users\\\\Srinjoy\\\\Documents\\\\Projects\\\\Capstone Project\\\\amazon-clone\\\\functions\",\"node_version\":\"12.18.3\"}"}}
[debug] [2021-04-28T16:51:13.743Z] [runtime-status] [17196] Disabled runtime features: undefined {"metadata":{"emulator":{"name":"functions"},"message":"[runtime-status] [17196] Disabled runtime features: undefined"}}
[debug] [2021-04-28T16:51:13.762Z] [runtime-status] [17196] Resolved module firebase-admin {"declared":true,"installed":true,"version":"9.6.0","resolution":"C:\\Users\\Srinjoy\\Documents\\Projects\\Capstone Project\\amazon-clone\\functions\\node_modules\\firebase-admin\\lib\\index.js"} {"metadata":{"emulator":{"name":"functions"},"message":"[runtime-status] [17196] Resolved module firebase-admin {\"declared\":true,\"installed\":true,\"version\":\"9.6.0\",\"resolution\":\"C:\\\\Users\\\\Srinjoy\\\\Documents\\\\Projects\\\\Capstone Project\\\\amazon-clone\\\\functions\\\\node_modules\\\\firebase-admin\\\\lib\\\\index.js\"}"}}
[debug] [2021-04-28T16:51:13.765Z] [runtime-status] [17196] Resolved module firebase-functions {"declared":true,"installed":true,"version":"3.13.2","resolution":"C:\\Users\\Srinjoy\\Documents\\Projects\\Capstone Project\\amazon-clone\\functions\\node_modules\\firebase-functions\\lib\\index.js"} {"metadata":{"emulator":{"name":"functions"},"message":"[runtime-status] [17196] Resolved module firebase-functions {\"declared\":true,\"installed\":true,\"version\":\"3.13.2\",\"resolution\":\"C:\\\\Users\\\\Srinjoy\\\\Documents\\\\Projects\\\\Capstone Project\\\\amazon-clone\\\\functions\\\\node_modules\\\\firebase-functions\\\\lib\\\\index.js\"}"}}
[debug] [2021-04-28T16:51:13.766Z] [runtime-status] [17196] Resolved module firebase-functions {"declared":true,"installed":true,"version":"3.13.2","resolution":"C:\\Users\\Srinjoy\\Documents\\Projects\\Capstone Project\\amazon-clone\\functions\\node_modules\\firebase-functions\\lib\\index.js"} {"metadata":{"emulator":{"name":"functions"},"message":"[runtime-status] [17196] Resolved module firebase-functions {\"declared\":true,\"installed\":true,\"version\":\"3.13.2\",\"resolution\":\"C:\\\\Users\\\\Srinjoy\\\\Documents\\\\Projects\\\\Capstone Project\\\\amazon-clone\\\\functions\\\\node_modules\\\\firebase-functions\\\\lib\\\\index.js\"}"}}
[debug] [2021-04-28T16:51:13.768Z] [runtime-status] [17196] Outgoing network have been stubbed. [{"name":"http","status":"mocked"},{"name":"http","status":"mocked"},{"name":"https","status":"mocked"},{"name":"https","status":"mocked"},{"name":"net","status":"mocked"}] {"metadata":{"emulator":{"name":"functions"},"message":"[runtime-status] [17196] Outgoing network have been stubbed. [{\"name\":\"http\",\"status\":\"mocked\"},{\"name\":\"http\",\"status\":\"mocked\"},{\"name\":\"https\",\"status\":\"mocked\"},{\"name\":\"https\",\"status\":\"mocked\"},{\"name\":\"net\",\"status\":\"mocked\"}]"}}
[debug] [2021-04-28T16:51:13.768Z] [runtime-status] [17196] Resolved module firebase-functions {"declared":true,"installed":true,"version":"3.13.2","resolution":"C:\\Users\\Srinjoy\\Documents\\Projects\\Capstone Project\\amazon-clone\\functions\\node_modules\\firebase-functions\\lib\\index.js"} {"metadata":{"emulator":{"name":"functions"},"message":"[runtime-status] [17196] Resolved module firebase-functions {\"declared\":true,\"installed\":true,\"version\":\"3.13.2\",\"resolution\":\"C:\\\\Users\\\\Srinjoy\\\\Documents\\\\Projects\\\\Capstone Project\\\\amazon-clone\\\\functions\\\\node_modules\\\\firebase-functions\\\\lib\\\\index.js\"}"}}
[debug] [2021-04-28T16:51:13.873Z] [runtime-status] [17196] Checked functions.config() {"config":{}} {"metadata":{"emulator":{"name":"functions"},"message":"[runtime-status] [17196] Checked functions.config() {\"config\":{}}"}}
[debug] [2021-04-28T16:51:13.873Z] [runtime-status] [17196] firebase-functions has been stubbed. {"functionsResolution":{"declared":true,"installed":true,"version":"3.13.2","resolution":"C:\\Users\\Srinjoy\\Documents\\Projects\\Capstone Project\\amazon-clone\\functions\\node_modules\\firebase-functions\\lib\\index.js"}} {"metadata":{"emulator":{"name":"functions"},"message":"[runtime-status] [17196] firebase-functions has been stubbed. {\"functionsResolution\":{\"declared\":true,\"installed\":true,\"version\":\"3.13.2\",\"resolution\":\"C:\\\\Users\\\\Srinjoy\\\\Documents\\\\Projects\\\\Capstone Project\\\\amazon-clone\\\\functions\\\\node_modules\\\\firebase-functions\\\\lib\\\\index.js\"}}"}}
[debug] [2021-04-28T16:51:13.874Z] [runtime-status] [17196] Resolved module firebase-functions {"declared":true,"installed":true,"version":"3.13.2","resolution":"C:\\Users\\Srinjoy\\Documents\\Projects\\Capstone Project\\amazon-clone\\functions\\node_modules\\firebase-functions\\lib\\index.js"} {"metadata":{"emulator":{"name":"functions"},"message":"[runtime-status] [17196] Resolved module firebase-functions {\"declared\":true,\"installed\":true,\"version\":\"3.13.2\",\"resolution\":\"C:\\\\Users\\\\Srinjoy\\\\Documents\\\\Projects\\\\Capstone Project\\\\amazon-clone\\\\functions\\\\node_modules\\\\firebase-functions\\\\lib\\\\index.js\"}"}}
[debug] [2021-04-28T16:51:13.874Z] [runtime-status] [17196] Resolved module firebase-admin {"declared":true,"installed":true,"version":"9.6.0","resolution":"C:\\Users\\Srinjoy\\Documents\\Projects\\Capstone Project\\amazon-clone\\functions\\node_modules\\firebase-admin\\lib\\index.js"} {"metadata":{"emulator":{"name":"functions"},"message":"[runtime-status] [17196] Resolved module firebase-admin {\"declared\":true,\"installed\":true,\"version\":\"9.6.0\",\"resolution\":\"C:\\\\Users\\\\Srinjoy\\\\Documents\\\\Projects\\\\Capstone Project\\\\amazon-clone\\\\functions\\\\node_modules\\\\firebase-admin\\\\lib\\\\index.js\"}"}}
[debug] [2021-04-28T16:51:13.875Z] [runtime-status] [17196] Resolved module firebase-functions {"declared":true,"installed":true,"version":"3.13.2","resolution":"C:\\Users\\Srinjoy\\Documents\\Projects\\Capstone Project\\amazon-clone\\functions\\node_modules\\firebase-functions\\lib\\index.js"} {"metadata":{"emulator":{"name":"functions"},"message":"[runtime-status] [17196] Resolved module firebase-functions {\"declared\":true,\"installed\":true,\"version\":\"3.13.2\",\"resolution\":\"C:\\\\Users\\\\Srinjoy\\\\Documents\\\\Projects\\\\Capstone Project\\\\amazon-clone\\\\functions\\\\node_modules\\\\firebase-functions\\\\lib\\\\index.js\"}"}}
[debug] [2021-04-28T16:51:13.875Z] [runtime-status] [17196] firebase-admin has been stubbed. {"adminResolution":{"declared":true,"installed":true,"version":"9.6.0","resolution":"C:\\Users\\Srinjoy\\Documents\\Projects\\Capstone Project\\amazon-clone\\functions\\node_modules\\firebase-admin\\lib\\index.js"}} {"metadata":{"emulator":{"name":"functions"},"message":"[runtime-status] [17196] firebase-admin has been stubbed. {\"adminResolution\":{\"declared\":true,\"installed\":true,\"version\":\"9.6.0\",\"resolution\":\"C:\\\\Users\\\\Srinjoy\\\\Documents\\\\Projects\\\\Capstone Project\\\\amazon-clone\\\\functions\\\\node_modules\\\\firebase-admin\\\\lib\\\\index.js\"}}"}}
[info] +  functions[api]: http function initialized (http://localhost:5001/clone-1f6e5/us-central1/api). {"metadata":{"emulator":{"name":"functions"},"message":"\u001b[1mhttp\u001b[22m function initialized (http://localhost:5001/clone-1f6e5/us-central1/api)."}}
[info] 
┌─────────────────────────────────────────────────────────────┐
│ ✔  All emulators ready! It is now safe to connect your app. │
│ i  View Emulator UI at http://localhost:4000                │
└─────────────────────────────────────────────────────────────┘

┌───────────┬────────────────┬─────────────────────────────────┐
│ Emulator  │ Host:Port      │ View in Emulator UI             │
├───────────┼────────────────┼─────────────────────────────────┤
│ Functions │ localhost:5001 │ http://localhost:4000/functions │
├───────────┼────────────────┼─────────────────────────────────┤
│ Hosting   │ localhost:5000 │ n/a                             │
└───────────┴────────────────┴─────────────────────────────────┘
  Emulator Hub running at localhost:4400
  Other reserved ports: 4500

Issues? Report them at https://github.com/firebase/firebase-tools/issues and attach the *-debug.log files.
 
[debug] [2021-04-28T16:51:14.251Z] [worker-~diagnostic~-702cc4e1-154b-44f3-b877-84233c19cd5a]: IDLE {"metadata":{"emulator":{"name":"functions"},"message":"[worker-~diagnostic~-702cc4e1-154b-44f3-b877-84233c19cd5a]: IDLE"}}
[debug] [2021-04-28T16:51:25.082Z] [work-queue] {"queueLength":1,"workRunningCount":0}
[debug] [2021-04-28T16:51:25.082Z] [work-queue] {"queueLength":0,"workRunningCount":1}
[debug] [2021-04-28T16:51:25.083Z] Accepted request POST /clone-1f6e5/us-central1/api/payments/create?total=6999000 --> api
[debug] [2021-04-28T16:51:25.093Z] [worker-pool] addWorker(api) {"metadata":{"emulator":{"name":"functions"},"message":"[worker-pool] addWorker(api)"}}
[debug] [2021-04-28T16:51:25.093Z] [worker-pool] Adding worker with key api, total=1 {"metadata":{"emulator":{"name":"functions"},"message":"[worker-pool] Adding worker with key api, total=1"}}
[debug] [2021-04-28T16:51:25.093Z] [worker-pool] submitWork(triggerId=api) {"metadata":{"emulator":{"name":"functions"},"message":"[worker-pool] submitWork(triggerId=api)"}}
[debug] [2021-04-28T16:51:25.093Z] [worker-api-70a41fc2-4e29-4f9c-a2e2-af3625096587]: Assigning socketPath: \\?\pipe\C:\Users\Srinjoy\Documents\Projects\Capstone Project\amazon-clone\functions\3228 {"metadata":{"emulator":{"name":"functions"},"message":"[worker-api-70a41fc2-4e29-4f9c-a2e2-af3625096587]: Assigning socketPath: \\\\?\\pipe\\C:\\Users\\Srinjoy\\Documents\\Projects\\Capstone Project\\amazon-clone\\functions\\3228"}}
[debug] [2021-04-28T16:51:25.093Z] [worker-api-70a41fc2-4e29-4f9c-a2e2-af3625096587]: BUSY {"metadata":{"emulator":{"name":"functions"},"message":"[worker-api-70a41fc2-4e29-4f9c-a2e2-af3625096587]: BUSY"}}
[debug] [2021-04-28T16:51:25.344Z] [runtime-status] [3228] Functions runtime initialized. {"cwd":"C:\\Users\\Srinjoy\\Documents\\Projects\\Capstone Project\\amazon-clone\\functions","node_version":"12.18.3"} {"metadata":{"emulator":{"name":"functions"},"function":{"name":"api"},"message":"[runtime-status] [3228] Functions runtime initialized. {\"cwd\":\"C:\\\\Users\\\\Srinjoy\\\\Documents\\\\Projects\\\\Capstone Project\\\\amazon-clone\\\\functions\",\"node_version\":\"12.18.3\"}"}}
[debug] [2021-04-28T16:51:25.345Z] [runtime-status] [3228] Disabled runtime features: undefined {"metadata":{"emulator":{"name":"functions"},"function":{"name":"api"},"message":"[runtime-status] [3228] Disabled runtime features: undefined"}}
[debug] [2021-04-28T16:51:25.349Z] [runtime-status] [3228] Resolved module firebase-admin {"declared":true,"installed":true,"version":"9.6.0","resolution":"C:\\Users\\Srinjoy\\Documents\\Projects\\Capstone Project\\amazon-clone\\functions\\node_modules\\firebase-admin\\lib\\index.js"} {"metadata":{"emulator":{"name":"functions"},"function":{"name":"api"},"message":"[runtime-status] [3228] Resolved module firebase-admin {\"declared\":true,\"installed\":true,\"version\":\"9.6.0\",\"resolution\":\"C:\\\\Users\\\\Srinjoy\\\\Documents\\\\Projects\\\\Capstone Project\\\\amazon-clone\\\\functions\\\\node_modules\\\\firebase-admin\\\\lib\\\\index.js\"}"}}
[debug] [2021-04-28T16:51:25.351Z] [runtime-status] [3228] Resolved module firebase-functions {"declared":true,"installed":true,"version":"3.13.2","resolution":"C:\\Users\\Srinjoy\\Documents\\Projects\\Capstone Project\\amazon-clone\\functions\\node_modules\\firebase-functions\\lib\\index.js"} {"metadata":{"emulator":{"name":"functions"},"function":{"name":"api"},"message":"[runtime-status] [3228] Resolved module firebase-functions {\"declared\":true,\"installed\":true,\"version\":\"3.13.2\",\"resolution\":\"C:\\\\Users\\\\Srinjoy\\\\Documents\\\\Projects\\\\Capstone Project\\\\amazon-clone\\\\functions\\\\node_modules\\\\firebase-functions\\\\lib\\\\index.js\"}"}}
[debug] [2021-04-28T16:51:25.352Z] [runtime-status] [3228] Resolved module firebase-functions {"declared":true,"installed":true,"version":"3.13.2","resolution":"C:\\Users\\Srinjoy\\Documents\\Projects\\Capstone Project\\amazon-clone\\functions\\node_modules\\firebase-functions\\lib\\index.js"} {"metadata":{"emulator":{"name":"functions"},"function":{"name":"api"},"message":"[runtime-status] [3228] Resolved module firebase-functions {\"declared\":true,\"installed\":true,\"version\":\"3.13.2\",\"resolution\":\"C:\\\\Users\\\\Srinjoy\\\\Documents\\\\Projects\\\\Capstone Project\\\\amazon-clone\\\\functions\\\\node_modules\\\\firebase-functions\\\\lib\\\\index.js\"}"}}
[debug] [2021-04-28T16:51:25.354Z] [runtime-status] [3228] Outgoing network have been stubbed. [{"name":"http","status":"mocked"},{"name":"http","status":"mocked"},{"name":"https","status":"mocked"},{"name":"https","status":"mocked"},{"name":"net","status":"mocked"}] {"metadata":{"emulator":{"name":"functions"},"function":{"name":"api"},"message":"[runtime-status] [3228] Outgoing network have been stubbed. [{\"name\":\"http\",\"status\":\"mocked\"},{\"name\":\"http\",\"status\":\"mocked\"},{\"name\":\"https\",\"status\":\"mocked\"},{\"name\":\"https\",\"status\":\"mocked\"},{\"name\":\"net\",\"status\":\"mocked\"}]"}}
[debug] [2021-04-28T16:51:25.355Z] [runtime-status] [3228] Resolved module firebase-functions {"declared":true,"installed":true,"version":"3.13.2","resolution":"C:\\Users\\Srinjoy\\Documents\\Projects\\Capstone Project\\amazon-clone\\functions\\node_modules\\firebase-functions\\lib\\index.js"} {"metadata":{"emulator":{"name":"functions"},"function":{"name":"api"},"message":"[runtime-status] [3228] Resolved module firebase-functions {\"declared\":true,\"installed\":true,\"version\":\"3.13.2\",\"resolution\":\"C:\\\\Users\\\\Srinjoy\\\\Documents\\\\Projects\\\\Capstone Project\\\\amazon-clone\\\\functions\\\\node_modules\\\\firebase-functions\\\\lib\\\\index.js\"}"}}
[debug] [2021-04-28T16:51:25.404Z] [runtime-status] [3228] Checked functions.config() {"config":{}} {"metadata":{"emulator":{"name":"functions"},"function":{"name":"api"},"message":"[runtime-status] [3228] Checked functions.config() {\"config\":{}}"}}
[debug] [2021-04-28T16:51:25.404Z] [runtime-status] [3228] firebase-functions has been stubbed. {"functionsResolution":{"declared":true,"installed":true,"version":"3.13.2","resolution":"C:\\Users\\Srinjoy\\Documents\\Projects\\Capstone Project\\amazon-clone\\functions\\node_modules\\firebase-functions\\lib\\index.js"}} {"metadata":{"emulator":{"name":"functions"},"function":{"name":"api"},"message":"[runtime-status] [3228] firebase-functions has been stubbed. {\"functionsResolution\":{\"declared\":true,\"installed\":true,\"version\":\"3.13.2\",\"resolution\":\"C:\\\\Users\\\\Srinjoy\\\\Documents\\\\Projects\\\\Capstone Project\\\\amazon-clone\\\\functions\\\\node_modules\\\\firebase-functions\\\\lib\\\\index.js\"}}"}}
[debug] [2021-04-28T16:51:25.406Z] [runtime-status] [3228] Resolved module firebase-functions {"declared":true,"installed":true,"version":"3.13.2","resolution":"C:\\Users\\Srinjoy\\Documents\\Projects\\Capstone Project\\amazon-clone\\functions\\node_modules\\firebase-functions\\lib\\index.js"} {"metadata":{"emulator":{"name":"functions"},"function":{"name":"api"},"message":"[runtime-status] [3228] Resolved module firebase-functions {\"declared\":true,\"installed\":true,\"version\":\"3.13.2\",\"resolution\":\"C:\\\\Users\\\\Srinjoy\\\\Documents\\\\Projects\\\\Capstone Project\\\\amazon-clone\\\\functions\\\\node_modules\\\\firebase-functions\\\\lib\\\\index.js\"}"}}
[debug] [2021-04-28T16:51:25.408Z] [runtime-status] [3228] Resolved module firebase-admin {"declared":true,"installed":true,"version":"9.6.0","resolution":"C:\\Users\\Srinjoy\\Documents\\Projects\\Capstone Project\\amazon-clone\\functions\\node_modules\\firebase-admin\\lib\\index.js"} {"metadata":{"emulator":{"name":"functions"},"function":{"name":"api"},"message":"[runtime-status] [3228] Resolved module firebase-admin {\"declared\":true,\"installed\":true,\"version\":\"9.6.0\",\"resolution\":\"C:\\\\Users\\\\Srinjoy\\\\Documents\\\\Projects\\\\Capstone Project\\\\amazon-clone\\\\functions\\\\node_modules\\\\firebase-admin\\\\lib\\\\index.js\"}"}}
[debug] [2021-04-28T16:51:25.408Z] [runtime-status] [3228] Resolved module firebase-functions {"declared":true,"installed":true,"version":"3.13.2","resolution":"C:\\Users\\Srinjoy\\Documents\\Projects\\Capstone Project\\amazon-clone\\functions\\node_modules\\firebase-functions\\lib\\index.js"} {"metadata":{"emulator":{"name":"functions"},"function":{"name":"api"},"message":"[runtime-status] [3228] Resolved module firebase-functions {\"declared\":true,\"installed\":true,\"version\":\"3.13.2\",\"resolution\":\"C:\\\\Users\\\\Srinjoy\\\\Documents\\\\Projects\\\\Capstone Project\\\\amazon-clone\\\\functions\\\\node_modules\\\\firebase-functions\\\\lib\\\\index.js\"}"}}
[debug] [2021-04-28T16:51:25.408Z] [runtime-status] [3228] firebase-admin has been stubbed. {"adminResolution":{"declared":true,"installed":true,"version":"9.6.0","resolution":"C:\\Users\\Srinjoy\\Documents\\Projects\\Capstone Project\\amazon-clone\\functions\\node_modules\\firebase-admin\\lib\\index.js"}} {"metadata":{"emulator":{"name":"functions"},"function":{"name":"api"},"message":"[runtime-status] [3228] firebase-admin has been stubbed. {\"adminResolution\":{\"declared\":true,\"installed\":true,\"version\":\"9.6.0\",\"resolution\":\"C:\\\\Users\\\\Srinjoy\\\\Documents\\\\Projects\\\\Capstone Project\\\\amazon-clone\\\\functions\\\\node_modules\\\\firebase-admin\\\\lib\\\\index.js\"}}"}}
[debug] [2021-04-28T16:51:25.589Z] [runtime-status] [3228] Trigger "api" has been found, beginning invocation! {"metadata":{"emulator":{"name":"functions"},"function":{"name":"api"},"message":"[runtime-status] [3228] Trigger \"api\" has been found, beginning invocation!"}}
[info] i  functions: Beginning execution of "api" {"metadata":{"emulator":{"name":"functions"},"function":{"name":"api"},"message":"Beginning execution of \"api\""}}
[debug] [2021-04-28T16:51:25.590Z] [runtime-status] [3228] triggerDefinition {"httpsTrigger":{},"name":"api","entryPoint":"api"} {"metadata":{"emulator":{"name":"functions"},"function":{"name":"api"},"message":"[runtime-status] [3228] triggerDefinition {\"httpsTrigger\":{},\"name\":\"api\",\"entryPoint\":\"api\"}"}}
[debug] [2021-04-28T16:51:25.590Z] [runtime-status] [3228] Running api in mode HTTPS {"metadata":{"emulator":{"name":"functions"},"function":{"name":"api"},"message":"[runtime-status] [3228] Running api in mode HTTPS"}}
[debug] [2021-04-28T16:51:25.593Z] [runtime-status] [3228] Attempting to listen to socketPath: \\?\pipe\C:\Users\Srinjoy\Documents\Projects\Capstone Project\amazon-clone\functions\3228 {"metadata":{"emulator":{"name":"functions"},"function":{"name":"api"},"message":"[runtime-status] [3228] Attempting to listen to socketPath: \\\\?\\pipe\\C:\\Users\\Srinjoy\\Documents\\Projects\\Capstone Project\\amazon-clone\\functions\\3228"}}
[debug] [2021-04-28T16:51:25.596Z] [functions] Runtime ready! Sending request! {"metadata":{"emulator":{"name":"functions"},"message":"[functions] Runtime ready! Sending request!"}}
[debug] [2021-04-28T16:51:25.597Z] [functions] Got req.url=/clone-1f6e5/us-central1/api/payments/create?total=6999000, mapping to path=/payments/create?total=6999000 {"metadata":{"emulator":{"name":"functions"},"message":"[functions] Got req.url=/clone-1f6e5/us-central1/api/payments/create?total=6999000, mapping to path=/payments/create?total=6999000"}}
[debug] [2021-04-28T16:51:25.609Z] [runtime-status] [3228] Ephemeral server handling POST request {"metadata":{"emulator":{"name":"functions"},"function":{"name":"api"},"message":"[runtime-status] [3228] Ephemeral server handling POST request"}}
[info] >  Payment Request Recieved for this amount >>>  6999000 {"user":"Payment Request Recieved for this amount >>>  6999000","metadata":{"emulator":{"name":"functions"},"function":{"name":"api"},"message":"\u001b[90m> \u001b[39m Payment Request Recieved for this amount >>>  6999000"}}
[debug] [2021-04-28T16:51:25.626Z] [runtime-status] [3228] Ephemeral server survived. {"metadata":{"emulator":{"name":"functions"},"function":{"name":"api"},"message":"[runtime-status] [3228] Ephemeral server survived."}}
[info] i  functions: Finished "api" in ~1s {"metadata":{"emulator":{"name":"functions"},"function":{"name":"api"},"message":"Finished \"api\" in ~1s"}}
[debug] [2021-04-28T16:51:26.453Z] [worker-api-70a41fc2-4e29-4f9c-a2e2-af3625096587]: IDLE {"metadata":{"emulator":{"name":"functions"},"message":"[worker-api-70a41fc2-4e29-4f9c-a2e2-af3625096587]: IDLE"}}
[debug] [2021-04-28T16:51:26.453Z] [work-queue] {"queueLength":0,"workRunningCount":0}
[debug] [2021-04-28T16:51:35.838Z] [work-queue] {"queueLength":1,"workRunningCount":0}
[debug] [2021-04-28T16:51:35.839Z] [work-queue] {"queueLength":0,"workRunningCount":1}
[debug] [2021-04-28T16:51:35.839Z] Accepted request POST /clone-1f6e5/us-central1/api/payments/create?total=0 --> api
[debug] [2021-04-28T16:51:35.839Z] [worker-pool] submitWork(triggerId=api) {"metadata":{"emulator":{"name":"functions"},"message":"[worker-pool] submitWork(triggerId=api)"}}
[debug] [2021-04-28T16:51:35.839Z] [worker-api-70a41fc2-4e29-4f9c-a2e2-af3625096587]: Assigning socketPath: \\?\pipe\C:\Users\Srinjoy\Documents\Projects\Capstone Project\amazon-clone\functions\3228 {"metadata":{"emulator":{"name":"functions"},"message":"[worker-api-70a41fc2-4e29-4f9c-a2e2-af3625096587]: Assigning socketPath: \\\\?\\pipe\\C:\\Users\\Srinjoy\\Documents\\Projects\\Capstone Project\\amazon-clone\\functions\\3228"}}
[debug] [2021-04-28T16:51:35.839Z] [worker-api-70a41fc2-4e29-4f9c-a2e2-af3625096587]: BUSY {"metadata":{"emulator":{"name":"functions"},"message":"[worker-api-70a41fc2-4e29-4f9c-a2e2-af3625096587]: BUSY"}}
[debug] [2021-04-28T16:51:35.840Z] [runtime-status] [3228] Trigger "api" has been found, beginning invocation! {"metadata":{"emulator":{"name":"functions"},"function":{"name":"api"},"message":"[runtime-status] [3228] Trigger \"api\" has been found, beginning invocation!"}}
[info] i  functions: Beginning execution of "api" {"metadata":{"emulator":{"name":"functions"},"function":{"name":"api"},"message":"Beginning execution of \"api\""}}
[debug] [2021-04-28T16:51:35.841Z] [runtime-status] [3228] triggerDefinition {"httpsTrigger":{},"name":"api","entryPoint":"api"} {"metadata":{"emulator":{"name":"functions"},"function":{"name":"api"},"message":"[runtime-status] [3228] triggerDefinition {\"httpsTrigger\":{},\"name\":\"api\",\"entryPoint\":\"api\"}"}}
[debug] [2021-04-28T16:51:35.842Z] [runtime-status] [3228] Running api in mode HTTPS {"metadata":{"emulator":{"name":"functions"},"function":{"name":"api"},"message":"[runtime-status] [3228] Running api in mode HTTPS"}}
[debug] [2021-04-28T16:51:35.842Z] [runtime-status] [3228] Attempting to listen to socketPath: \\?\pipe\C:\Users\Srinjoy\Documents\Projects\Capstone Project\amazon-clone\functions\3228 {"metadata":{"emulator":{"name":"functions"},"function":{"name":"api"},"message":"[runtime-status] [3228] Attempting to listen to socketPath: \\\\?\\pipe\\C:\\Users\\Srinjoy\\Documents\\Projects\\Capstone Project\\amazon-clone\\functions\\3228"}}
[debug] [2021-04-28T16:51:35.846Z] [functions] Runtime ready! Sending request! {"metadata":{"emulator":{"name":"functions"},"message":"[functions] Runtime ready! Sending request!"}}
[debug] [2021-04-28T16:51:35.847Z] [functions] Got req.url=/clone-1f6e5/us-central1/api/payments/create?total=0, mapping to path=/payments/create?total=0 {"metadata":{"emulator":{"name":"functions"},"message":"[functions] Got req.url=/clone-1f6e5/us-central1/api/payments/create?total=0, mapping to path=/payments/create?total=0"}}
[debug] [2021-04-28T16:51:35.855Z] [runtime-status] [3228] Ephemeral server handling POST request {"metadata":{"emulator":{"name":"functions"},"function":{"name":"api"},"message":"[runtime-status] [3228] Ephemeral server handling POST request"}}
[info] >  Payment Request Recieved for this amount >>>  0 {"user":"Payment Request Recieved for this amount >>>  0","metadata":{"emulator":{"name":"functions"},"function":{"name":"api"},"message":"\u001b[90m> \u001b[39m Payment Request Recieved for this amount >>>  0"}}
[debug] [2021-04-28T16:51:35.858Z] [runtime-status] [3228] Ephemeral server survived. {"metadata":{"emulator":{"name":"functions"},"function":{"name":"api"},"message":"[runtime-status] [3228] Ephemeral server survived."}}
[info] >  (node:3228) UnhandledPromiseRejectionWarning: Error: This value must be greater than or equal to 1. {"user":"(node:3228) UnhandledPromiseRejectionWarning: Error: This value must be greater than or equal to 1.","metadata":{"emulator":{"name":"functions"},"function":{"name":"api"},"message":"\u001b[90m> \u001b[39m (node:3228) UnhandledPromiseRejectionWarning: Error: This value must be greater than or equal to 1."}}
[info] >      at Function.generate (C:\Users\Srinjoy\Documents\Projects\Capstone Project\amazon-clone\functions\node_modules\stripe\lib\Error.js:40:16) {"user":"    at Function.generate (C:\\Users\\Srinjoy\\Documents\\Projects\\Capstone Project\\amazon-clone\\functions\\node_modules\\stripe\\lib\\Error.js:40:16)","metadata":{"emulator":{"name":"functions"},"function":{"name":"api"},"message":"\u001b[90m> \u001b[39m     at Function.generate (C:\\Users\\Srinjoy\\Documents\\Projects\\Capstone Project\\amazon-clone\\functions\\node_modules\\stripe\\lib\\Error.js:40:16)"}}
[info] >      at IncomingMessage.<anonymous> (C:\Users\Srinjoy\Documents\Projects\Capstone Project\amazon-clone\functions\node_modules\stripe\lib\StripeResource.js:180:33) {"user":"    at IncomingMessage.<anonymous> (C:\\Users\\Srinjoy\\Documents\\Projects\\Capstone Project\\amazon-clone\\functions\\node_modules\\stripe\\lib\\StripeResource.js:180:33)","metadata":{"emulator":{"name":"functions"},"function":{"name":"api"},"message":"\u001b[90m> \u001b[39m     at IncomingMessage.<anonymous> (C:\\Users\\Srinjoy\\Documents\\Projects\\Capstone Project\\amazon-clone\\functions\\node_modules\\stripe\\lib\\StripeResource.js:180:33)"}}
[info] >      at Object.onceWrapper (events.js:421:28) {"user":"    at Object.onceWrapper (events.js:421:28)","metadata":{"emulator":{"name":"functions"},"function":{"name":"api"},"message":"\u001b[90m> \u001b[39m     at Object.onceWrapper (events.js:421:28)"}}
[info] >      at IncomingMessage.emit (events.js:327:22) {"user":"    at IncomingMessage.emit (events.js:327:22)","metadata":{"emulator":{"name":"functions"},"function":{"name":"api"},"message":"\u001b[90m> \u001b[39m     at IncomingMessage.emit (events.js:327:22)"}}
[info] >      at endReadableNT (_stream_readable.js:1220:12) {"user":"    at endReadableNT (_stream_readable.js:1220:12)","metadata":{"emulator":{"name":"functions"},"function":{"name":"api"},"message":"\u001b[90m> \u001b[39m     at endReadableNT (_stream_readable.js:1220:12)"}}
[info] >      at processTicksAndRejections (internal/process/task_queues.js:84:21) {"user":"    at processTicksAndRejections (internal/process/task_queues.js:84:21)","metadata":{"emulator":{"name":"functions"},"function":{"name":"api"},"message":"\u001b[90m> \u001b[39m     at processTicksAndRejections (internal/process/task_queues.js:84:21)"}}
[info] >  (node:3228) UnhandledPromiseRejectionWarning: Unhandled promise rejection. This error originated either by throwing inside of an async function without a catch block, or by rejecting a promise which was not handled with .catch(). To terminate the node process on unhandled promise rejection, use the CLI flag `--unhandled-rejections=strict` (see https://nodejs.org/api/cli.html#cli_unhandled_rejections_mode). (rejection id: 1) {"user":"(node:3228) UnhandledPromiseRejectionWarning: Unhandled promise rejection. This error originated either by throwing inside of an async function without a catch block, or by rejecting a promise which was not handled with .catch(). To terminate the node process on unhandled promise rejection, use the CLI flag `--unhandled-rejections=strict` (see https://nodejs.org/api/cli.html#cli_unhandled_rejections_mode). (rejection id: 1)","metadata":{"emulator":{"name":"functions"},"function":{"name":"api"},"message":"\u001b[90m> \u001b[39m (node:3228) UnhandledPromiseRejectionWarning: Unhandled promise rejection. This error originated either by throwing inside of an async function without a catch block, or by rejecting a promise which was not handled with .catch(). To terminate the node process on unhandled promise rejection, use the CLI flag `--unhandled-rejections=strict` (see https://nodejs.org/api/cli.html#cli_unhandled_rejections_mode). (rejection id: 1)"}}
[info] >  (node:3228) [DEP0018] DeprecationWarning: Unhandled promise rejections are deprecated. In the future, promise rejections that are not handled will terminate the Node.js process with a non-zero exit code. {"user":"(node:3228) [DEP0018] DeprecationWarning: Unhandled promise rejections are deprecated. In the future, promise rejections that are not handled will terminate the Node.js process with a non-zero exit code.","metadata":{"emulator":{"name":"functions"},"function":{"name":"api"},"message":"\u001b[90m> \u001b[39m (node:3228) [DEP0018] DeprecationWarning: Unhandled promise rejections are deprecated. In the future, promise rejections that are not handled will terminate the Node.js process with a non-zero exit code."}}
[warn] !  functions: Your function timed out after ~60s. To configure this timeout, see
      https://firebase.google.com/docs/functions/manage-functions#set_timeout_and_memory_allocation. {"metadata":{"emulator":{"name":"functions"},"function":{"name":"api"},"message":"Your function timed out after ~60s. To configure this timeout, see\n      https://firebase.google.com/docs/functions/manage-functions#set_timeout_and_memory_allocation."}}
[info] >  C:\Users\Srinjoy\AppData\Roaming\npm\node_modules\firebase-tools\lib\emulator\functionsEmulatorRuntime.js:644 {"user":"C:\\Users\\Srinjoy\\AppData\\Roaming\\npm\\node_modules\\firebase-tools\\lib\\emulator\\functionsEmulatorRuntime.js:644\r","metadata":{"emulator":{"name":"functions"},"function":{"name":"api"},"message":"\u001b[90m> \u001b[39m C:\\Users\\Srinjoy\\AppData\\Roaming\\npm\\node_modules\\firebase-tools\\lib\\emulator\\functionsEmulatorRuntime.js:644\r"}}
[info] >              throw new Error("Function timed out."); {"user":"            throw new Error(\"Function timed out.\");\r","metadata":{"emulator":{"name":"functions"},"function":{"name":"api"},"message":"\u001b[90m> \u001b[39m             throw new Error(\"Function timed out.\");\r"}}
[info] >              ^ {"user":"            ^\r","metadata":{"emulator":{"name":"functions"},"function":{"name":"api"},"message":"\u001b[90m> \u001b[39m             ^\r"}}
[info] >   {"user":"\r","metadata":{"emulator":{"name":"functions"},"function":{"name":"api"},"message":"\u001b[90m> \u001b[39m \r"}}
[info] >  Error: Function timed out. {"user":"Error: Function timed out.\r","metadata":{"emulator":{"name":"functions"},"function":{"name":"api"},"message":"\u001b[90m> \u001b[39m Error: Function timed out.\r"}}
[info] >      at Timeout._onTimeout (C:\Users\Srinjoy\AppData\Roaming\npm\node_modules\firebase-tools\lib\emulator\functionsEmulatorRuntime.js:644:19) {"user":"    at Timeout._onTimeout (C:\\Users\\Srinjoy\\AppData\\Roaming\\npm\\node_modules\\firebase-tools\\lib\\emulator\\functionsEmulatorRuntime.js:644:19)\r","metadata":{"emulator":{"name":"functions"},"function":{"name":"api"},"message":"\u001b[90m> \u001b[39m     at Timeout._onTimeout (C:\\Users\\Srinjoy\\AppData\\Roaming\\npm\\node_modules\\firebase-tools\\lib\\emulator\\functionsEmulatorRuntime.js:644:19)\r"}}
[info] >      at listOnTimeout (internal/timers.js:549:17) {"user":"    at listOnTimeout (internal/timers.js:549:17)\r","metadata":{"emulator":{"name":"functions"},"function":{"name":"api"},"message":"\u001b[90m> \u001b[39m     at listOnTimeout (internal/timers.js:549:17)\r"}}
[info] >      at processTimers (internal/timers.js:492:7) {"user":"    at processTimers (internal/timers.js:492:7)\r","metadata":{"emulator":{"name":"functions"},"function":{"name":"api"},"message":"\u001b[90m> \u001b[39m     at processTimers (internal/timers.js:492:7)\r"}}
[debug] [2021-04-28T16:52:35.871Z] [worker-api-70a41fc2-4e29-4f9c-a2e2-af3625096587]: exited {"metadata":{"emulator":{"name":"functions"},"message":"[worker-api-70a41fc2-4e29-4f9c-a2e2-af3625096587]: exited"}}
[debug] [2021-04-28T16:52:35.871Z] [worker-api-70a41fc2-4e29-4f9c-a2e2-af3625096587]: FINISHED {"metadata":{"emulator":{"name":"functions"},"message":"[worker-api-70a41fc2-4e29-4f9c-a2e2-af3625096587]: FINISHED"}}
[debug] [2021-04-28T16:52:35.871Z] [work-queue] {"queueLength":0,"workRunningCount":0}
[debug] [2021-04-28T16:54:27.723Z] Received signal SIGHUP 1
[debug] [2021-04-28T18:10:32.799Z] ----------------------------------------------------------------------
[debug] [2021-04-28T18:10:32.801Z] Command:       C:\Program Files\nodejs\node.exe C:\Users\Srinjoy\AppData\Roaming\npm\node_modules\firebase-tools\lib\bin\firebase.js emulators:start
[debug] [2021-04-28T18:10:32.802Z] CLI Version:   9.10.0
[debug] [2021-04-28T18:10:32.802Z] Platform:      win32
[debug] [2021-04-28T18:10:32.802Z] Node Version:  v12.18.3
[debug] [2021-04-28T18:10:32.803Z] Time:          Wed Apr 28 2021 23:40:32 GMT+0530 (India Standard Time)
[debug] [2021-04-28T18:10:32.803Z] ----------------------------------------------------------------------
[debug] 
[debug] [2021-04-28T18:10:32.813Z] > command requires scopes: ["email","openid","https://www.googleapis.com/auth/cloudplatformprojects.readonly","https://www.googleapis.com/auth/firebase","https://www.googleapis.com/auth/cloud-platform"]
[debug] [2021-04-28T18:10:32.814Z] > authorizing via signed-in user (srinjoyburmanrko@gmail.com)
[info] i  emulators: Starting emulators: functions, hosting {"metadata":{"emulator":{"name":"hub"},"message":"Starting emulators: functions, hosting"}}
[warn] !  emulators: It seems that you are running multiple instances of the emulator suite for project clone-1f6e5. This may result in unexpected behavior. 
[debug] [2021-04-28T18:10:34.888Z] [hub] writing locator at C:\Users\Srinjoy\AppData\Local\Temp\hub-clone-1f6e5.json
[warn] !  functions: The following emulators are not running, calls to these services from the Functions emulator will affect production: auth, firestore, database, pubsub {"metadata":{"emulator":{"name":"functions"},"message":"The following emulators are not running, calls to these services from the Functions emulator will affect production: \u001b[1mauth, firestore, database, pubsub\u001b[22m"}}
[info] +  functions: Using node@12 from host. {"metadata":{"emulator":{"name":"functions"},"message":"Using node@12 from host."}}
[debug] [2021-04-28T18:10:36.959Z] defaultcredentials: writing to file C:\Users\Srinjoy\AppData\Roaming\firebase\srinjoyburmanrko_gmail_com_application_default_credentials.json
[debug] [2021-04-28T18:10:36.961Z] Setting GAC to C:\Users\Srinjoy\AppData\Roaming\firebase\srinjoyburmanrko_gmail_com_application_default_credentials.json {"metadata":{"emulator":{"name":"functions"},"message":"Setting GAC to C:\\Users\\Srinjoy\\AppData\\Roaming\\firebase\\srinjoyburmanrko_gmail_com_application_default_credentials.json"}}
[debug] [2021-04-28T18:10:36.964Z] > refreshing access token with scopes: []
[debug] [2021-04-28T18:10:36.964Z] >>> HTTP REQUEST POST https://www.googleapis.com/oauth2/v3/token  
 <request body omitted>
[debug] [2021-04-28T18:10:37.223Z] <<< HTTP RESPONSE 200 {"pragma":"no-cache","cache-control":"no-cache, no-store, max-age=0, must-revalidate","expires":"Mon, 01 Jan 1990 00:00:00 GMT","date":"Wed, 28 Apr 2021 18:10:37 GMT","content-type":"application/json; charset=utf-8","vary":"X-Origin, Referer, Origin,Accept-Encoding","server":"scaffolding on HTTPServer2","x-xss-protection":"0","x-frame-options":"SAMEORIGIN","x-content-type-options":"nosniff","alt-svc":"h3-29=\":443\"; ma=2592000,h3-T051=\":443\"; ma=2592000,h3-Q050=\":443\"; ma=2592000,h3-Q046=\":443\"; ma=2592000,h3-Q043=\":443\"; ma=2592000,quic=\":443\"; ma=2592000; v=\"46,43\"","accept-ranges":"none","transfer-encoding":"chunked"}
[debug] [2021-04-28T18:10:37.237Z] >>> [apiv2][query] GET https://firebase.googleapis.com/v1beta1/projects/clone-1f6e5/adminSdkConfig [none]
[debug] [2021-04-28T18:10:37.982Z] <<< [apiv2][status] GET https://firebase.googleapis.com/v1beta1/projects/clone-1f6e5/adminSdkConfig 200
[debug] [2021-04-28T18:10:37.982Z] <<< [apiv2][body] GET https://firebase.googleapis.com/v1beta1/projects/clone-1f6e5/adminSdkConfig {"projectId":"clone-1f6e5","storageBucket":"clone-1f6e5.appspot.com","locationId":"asia-south1"}
[debug] [2021-04-28T18:10:40.039Z] >>> [apiv2][query] GET https://firebase.googleapis.com/v1beta1/projects/clone-1f6e5/webApps/-/config [none]
[debug] [2021-04-28T18:10:41.897Z] <<< [apiv2][status] GET https://firebase.googleapis.com/v1beta1/projects/clone-1f6e5/webApps/-/config 200
[debug] [2021-04-28T18:10:41.897Z] <<< [apiv2][body] GET https://firebase.googleapis.com/v1beta1/projects/clone-1f6e5/webApps/-/config {"projectId":"clone-1f6e5","appId":"1:956693514502:web:a091832a905abd6b5cb687","storageBucket":"clone-1f6e5.appspot.com","locationId":"asia-south1","apiKey":"AIzaSyBwoLA9zzKXIBD_SUZLUf6HmeEz3hSjJb0","authDomain":"clone-1f6e5.firebaseapp.com","messagingSenderId":"956693514502","measurementId":"G-5ZVJJFHQWL"}
[info] i  hosting: Serving hosting files from: build {"metadata":{"emulator":{"name":"hosting"},"message":"Serving hosting files from: \u001b[1mbuild\u001b[22m"}}
[info] +  hosting: Local server: http://localhost:5000 {"metadata":{"emulator":{"name":"hosting"},"message":"Local server: \u001b[4m\u001b[1mhttp://localhost:5000\u001b[22m\u001b[24m"}}
[warn] !  ui: Emulator UI unable to start on port 4000, starting on 4001 instead. {"metadata":{"emulator":{"name":"ui"},"message":"Emulator UI unable to start on port 4000, starting on 4001 instead."}}
[debug] [2021-04-28T18:10:43.988Z] Ignoring unsupported arg: auto_download {"metadata":{"emulator":{"name":"ui"},"message":"Ignoring unsupported arg: auto_download"}}
[debug] [2021-04-28T18:10:43.988Z] Ignoring unsupported arg: port {"metadata":{"emulator":{"name":"ui"},"message":"Ignoring unsupported arg: port"}}
[debug] [2021-04-28T18:10:43.988Z] Starting Emulator UI with command {"binary":"node","args":["C:\\Users\\Srinjoy\\.cache\\firebase\\emulators\\ui-v1.4.2\\server.bundle.js"],"optionalArgs":[],"joinArgs":false} {"metadata":{"emulator":{"name":"ui"},"message":"Starting Emulator UI with command {\"binary\":\"node\",\"args\":[\"C:\\\\Users\\\\Srinjoy\\\\.cache\\\\firebase\\\\emulators\\\\ui-v1.4.2\\\\server.bundle.js\"],\"optionalArgs\":[],\"joinArgs\":false}"}}
[info] i  ui: Emulator UI logging to ui-debug.log {"metadata":{"emulator":{"name":"ui"},"message":"Emulator UI logging to \u001b[1mui-debug.log\u001b[22m"}}
[debug] [2021-04-28T18:10:44.113Z] Web / API server started at http://localhost:4001
 {"metadata":{"emulator":{"name":"ui"},"message":"Web / API server started at http://localhost:4001\n"}}
[info] i  functions: Watching "C:\Users\Srinjoy\Documents\Projects\Capstone Project\amazon-clone\functions" for Cloud Functions... {"metadata":{"emulator":{"name":"functions"},"message":"Watching \"C:\\Users\\Srinjoy\\Documents\\Projects\\Capstone Project\\amazon-clone\\functions\" for Cloud Functions..."}}
[debug] [2021-04-28T18:10:44.529Z] [worker-pool] addWorker(~diagnostic~) {"metadata":{"emulator":{"name":"functions"},"message":"[worker-pool] addWorker(~diagnostic~)"}}
[debug] [2021-04-28T18:10:44.529Z] [worker-pool] Adding worker with key ~diagnostic~, total=1 {"metadata":{"emulator":{"name":"functions"},"message":"[worker-pool] Adding worker with key ~diagnostic~, total=1"}}
[debug] [2021-04-28T18:10:44.530Z] [worker-pool] submitWork(triggerId=) {"metadata":{"emulator":{"name":"functions"},"message":"[worker-pool] submitWork(triggerId=)"}}
[debug] [2021-04-28T18:10:44.530Z] [worker-~diagnostic~-37d1ee35-de2e-4f39-90ee-829812b37024]: Assigning socketPath: \\?\pipe\C:\Users\Srinjoy\Documents\Projects\Capstone Project\amazon-clone\functions\10584 {"metadata":{"emulator":{"name":"functions"},"message":"[worker-~diagnostic~-37d1ee35-de2e-4f39-90ee-829812b37024]: Assigning socketPath: \\\\?\\pipe\\C:\\Users\\Srinjoy\\Documents\\Projects\\Capstone Project\\amazon-clone\\functions\\10584"}}
[debug] [2021-04-28T18:10:44.531Z] [worker-~diagnostic~-37d1ee35-de2e-4f39-90ee-829812b37024]: BUSY {"metadata":{"emulator":{"name":"functions"},"message":"[worker-~diagnostic~-37d1ee35-de2e-4f39-90ee-829812b37024]: BUSY"}}
[debug] [2021-04-28T18:10:44.761Z] [runtime-status] [10584] Functions runtime initialized. {"cwd":"C:\\Users\\Srinjoy\\Documents\\Projects\\Capstone Project\\amazon-clone\\functions","node_version":"12.18.3"} {"metadata":{"emulator":{"name":"functions"},"message":"[runtime-status] [10584] Functions runtime initialized. {\"cwd\":\"C:\\\\Users\\\\Srinjoy\\\\Documents\\\\Projects\\\\Capstone Project\\\\amazon-clone\\\\functions\",\"node_version\":\"12.18.3\"}"}}
[debug] [2021-04-28T18:10:44.761Z] [runtime-status] [10584] Disabled runtime features: undefined {"metadata":{"emulator":{"name":"functions"},"message":"[runtime-status] [10584] Disabled runtime features: undefined"}}
[debug] [2021-04-28T18:10:44.765Z] [runtime-status] [10584] Resolved module firebase-admin {"declared":true,"installed":true,"version":"9.6.0","resolution":"C:\\Users\\Srinjoy\\Documents\\Projects\\Capstone Project\\amazon-clone\\functions\\node_modules\\firebase-admin\\lib\\index.js"} {"metadata":{"emulator":{"name":"functions"},"message":"[runtime-status] [10584] Resolved module firebase-admin {\"declared\":true,\"installed\":true,\"version\":\"9.6.0\",\"resolution\":\"C:\\\\Users\\\\Srinjoy\\\\Documents\\\\Projects\\\\Capstone Project\\\\amazon-clone\\\\functions\\\\node_modules\\\\firebase-admin\\\\lib\\\\index.js\"}"}}
[debug] [2021-04-28T18:10:44.767Z] [runtime-status] [10584] Resolved module firebase-functions {"declared":true,"installed":true,"version":"3.13.2","resolution":"C:\\Users\\Srinjoy\\Documents\\Projects\\Capstone Project\\amazon-clone\\functions\\node_modules\\firebase-functions\\lib\\index.js"} {"metadata":{"emulator":{"name":"functions"},"message":"[runtime-status] [10584] Resolved module firebase-functions {\"declared\":true,\"installed\":true,\"version\":\"3.13.2\",\"resolution\":\"C:\\\\Users\\\\Srinjoy\\\\Documents\\\\Projects\\\\Capstone Project\\\\amazon-clone\\\\functions\\\\node_modules\\\\firebase-functions\\\\lib\\\\index.js\"}"}}
[debug] [2021-04-28T18:10:44.768Z] [runtime-status] [10584] Resolved module firebase-functions {"declared":true,"installed":true,"version":"3.13.2","resolution":"C:\\Users\\Srinjoy\\Documents\\Projects\\Capstone Project\\amazon-clone\\functions\\node_modules\\firebase-functions\\lib\\index.js"} {"metadata":{"emulator":{"name":"functions"},"message":"[runtime-status] [10584] Resolved module firebase-functions {\"declared\":true,\"installed\":true,\"version\":\"3.13.2\",\"resolution\":\"C:\\\\Users\\\\Srinjoy\\\\Documents\\\\Projects\\\\Capstone Project\\\\amazon-clone\\\\functions\\\\node_modules\\\\firebase-functions\\\\lib\\\\index.js\"}"}}
[debug] [2021-04-28T18:10:44.770Z] [runtime-status] [10584] Outgoing network have been stubbed. [{"name":"http","status":"mocked"},{"name":"http","status":"mocked"},{"name":"https","status":"mocked"},{"name":"https","status":"mocked"},{"name":"net","status":"mocked"}] {"metadata":{"emulator":{"name":"functions"},"message":"[runtime-status] [10584] Outgoing network have been stubbed. [{\"name\":\"http\",\"status\":\"mocked\"},{\"name\":\"http\",\"status\":\"mocked\"},{\"name\":\"https\",\"status\":\"mocked\"},{\"name\":\"https\",\"status\":\"mocked\"},{\"name\":\"net\",\"status\":\"mocked\"}]"}}
[debug] [2021-04-28T18:10:44.770Z] [runtime-status] [10584] Resolved module firebase-functions {"declared":true,"installed":true,"version":"3.13.2","resolution":"C:\\Users\\Srinjoy\\Documents\\Projects\\Capstone Project\\amazon-clone\\functions\\node_modules\\firebase-functions\\lib\\index.js"} {"metadata":{"emulator":{"name":"functions"},"message":"[runtime-status] [10584] Resolved module firebase-functions {\"declared\":true,\"installed\":true,\"version\":\"3.13.2\",\"resolution\":\"C:\\\\Users\\\\Srinjoy\\\\Documents\\\\Projects\\\\Capstone Project\\\\amazon-clone\\\\functions\\\\node_modules\\\\firebase-functions\\\\lib\\\\index.js\"}"}}
[debug] [2021-04-28T18:10:44.874Z] [runtime-status] [10584] Checked functions.config() {"config":{}} {"metadata":{"emulator":{"name":"functions"},"message":"[runtime-status] [10584] Checked functions.config() {\"config\":{}}"}}
[debug] [2021-04-28T18:10:44.874Z] [runtime-status] [10584] firebase-functions has been stubbed. {"functionsResolution":{"declared":true,"installed":true,"version":"3.13.2","resolution":"C:\\Users\\Srinjoy\\Documents\\Projects\\Capstone Project\\amazon-clone\\functions\\node_modules\\firebase-functions\\lib\\index.js"}} {"metadata":{"emulator":{"name":"functions"},"message":"[runtime-status] [10584] firebase-functions has been stubbed. {\"functionsResolution\":{\"declared\":true,\"installed\":true,\"version\":\"3.13.2\",\"resolution\":\"C:\\\\Users\\\\Srinjoy\\\\Documents\\\\Projects\\\\Capstone Project\\\\amazon-clone\\\\functions\\\\node_modules\\\\firebase-functions\\\\lib\\\\index.js\"}}"}}
[debug] [2021-04-28T18:10:44.874Z] [runtime-status] [10584] Resolved module firebase-functions {"declared":true,"installed":true,"version":"3.13.2","resolution":"C:\\Users\\Srinjoy\\Documents\\Projects\\Capstone Project\\amazon-clone\\functions\\node_modules\\firebase-functions\\lib\\index.js"} {"metadata":{"emulator":{"name":"functions"},"message":"[runtime-status] [10584] Resolved module firebase-functions {\"declared\":true,\"installed\":true,\"version\":\"3.13.2\",\"resolution\":\"C:\\\\Users\\\\Srinjoy\\\\Documents\\\\Projects\\\\Capstone Project\\\\amazon-clone\\\\functions\\\\node_modules\\\\firebase-functions\\\\lib\\\\index.js\"}"}}
[debug] [2021-04-28T18:10:44.875Z] [runtime-status] [10584] Resolved module firebase-admin {"declared":true,"installed":true,"version":"9.6.0","resolution":"C:\\Users\\Srinjoy\\Documents\\Projects\\Capstone Project\\amazon-clone\\functions\\node_modules\\firebase-admin\\lib\\index.js"} {"metadata":{"emulator":{"name":"functions"},"message":"[runtime-status] [10584] Resolved module firebase-admin {\"declared\":true,\"installed\":true,\"version\":\"9.6.0\",\"resolution\":\"C:\\\\Users\\\\Srinjoy\\\\Documents\\\\Projects\\\\Capstone Project\\\\amazon-clone\\\\functions\\\\node_modules\\\\firebase-admin\\\\lib\\\\index.js\"}"}}
[debug] [2021-04-28T18:10:44.875Z] [runtime-status] [10584] Resolved module firebase-functions {"declared":true,"installed":true,"version":"3.13.2","resolution":"C:\\Users\\Srinjoy\\Documents\\Projects\\Capstone Project\\amazon-clone\\functions\\node_modules\\firebase-functions\\lib\\index.js"} {"metadata":{"emulator":{"name":"functions"},"message":"[runtime-status] [10584] Resolved module firebase-functions {\"declared\":true,\"installed\":true,\"version\":\"3.13.2\",\"resolution\":\"C:\\\\Users\\\\Srinjoy\\\\Documents\\\\Projects\\\\Capstone Project\\\\amazon-clone\\\\functions\\\\node_modules\\\\firebase-functions\\\\lib\\\\index.js\"}"}}
[debug] [2021-04-28T18:10:44.875Z] [runtime-status] [10584] firebase-admin has been stubbed. {"adminResolution":{"declared":true,"installed":true,"version":"9.6.0","resolution":"C:\\Users\\Srinjoy\\Documents\\Projects\\Capstone Project\\amazon-clone\\functions\\node_modules\\firebase-admin\\lib\\index.js"}} {"metadata":{"emulator":{"name":"functions"},"message":"[runtime-status] [10584] firebase-admin has been stubbed. {\"adminResolution\":{\"declared\":true,\"installed\":true,\"version\":\"9.6.0\",\"resolution\":\"C:\\\\Users\\\\Srinjoy\\\\Documents\\\\Projects\\\\Capstone Project\\\\amazon-clone\\\\functions\\\\node_modules\\\\firebase-admin\\\\lib\\\\index.js\"}}"}}
[info] +  functions[api]: http function initialized (http://localhost:5001/clone-1f6e5/us-central1/api). {"metadata":{"emulator":{"name":"functions"},"message":"\u001b[1mhttp\u001b[22m function initialized (http://localhost:5001/clone-1f6e5/us-central1/api)."}}
[info] 
┌─────────────────────────────────────────────────────────────┐
│ ✔  All emulators ready! It is now safe to connect your app. │
│ i  View Emulator UI at http://localhost:4001                │
└─────────────────────────────────────────────────────────────┘

┌───────────┬────────────────┬─────────────────────────────────┐
│ Emulator  │ Host:Port      │ View in Emulator UI             │
├───────────┼────────────────┼─────────────────────────────────┤
│ Functions │ localhost:5001 │ http://localhost:4001/functions │
├───────────┼────────────────┼─────────────────────────────────┤
│ Hosting   │ localhost:5000 │ n/a                             │
└───────────┴────────────────┴─────────────────────────────────┘
  Emulator Hub running at localhost:4400
  Other reserved ports: 4500

Issues? Report them at https://github.com/firebase/firebase-tools/issues and attach the *-debug.log files.
 
[debug] [2021-04-28T18:10:45.244Z] [worker-~diagnostic~-37d1ee35-de2e-4f39-90ee-829812b37024]: IDLE {"metadata":{"emulator":{"name":"functions"},"message":"[worker-~diagnostic~-37d1ee35-de2e-4f39-90ee-829812b37024]: IDLE"}}
[debug] [2021-04-28T20:56:37.002Z] Received signal SIGHUP 1
[debug] [2021-04-29T13:08:39.863Z] ----------------------------------------------------------------------
[debug] [2021-04-29T13:08:39.865Z] Command:       C:\Program Files\nodejs\node.exe C:\Users\Srinjoy\AppData\Roaming\npm\node_modules\firebase-tools\lib\bin\firebase.js emulators:start
[debug] [2021-04-29T13:08:39.865Z] CLI Version:   9.10.0
[debug] [2021-04-29T13:08:39.865Z] Platform:      win32
[debug] [2021-04-29T13:08:39.865Z] Node Version:  v12.18.3
[debug] [2021-04-29T13:08:39.866Z] Time:          Thu Apr 29 2021 18:38:39 GMT+0530 (India Standard Time)
[debug] [2021-04-29T13:08:39.866Z] ----------------------------------------------------------------------
[debug] 
[debug] [2021-04-29T13:08:39.875Z] > command requires scopes: ["email","openid","https://www.googleapis.com/auth/cloudplatformprojects.readonly","https://www.googleapis.com/auth/firebase","https://www.googleapis.com/auth/cloud-platform"]
[debug] [2021-04-29T13:08:39.875Z] > authorizing via signed-in user (srinjoyburmanrko@gmail.com)
[info] i  emulators: Starting emulators: functions, hosting {"metadata":{"emulator":{"name":"hub"},"message":"Starting emulators: functions, hosting"}}
[warn] !  emulators: It seems that you are running multiple instances of the emulator suite for project clone-1f6e5. This may result in unexpected behavior. 
[debug] [2021-04-29T13:08:41.974Z] [hub] writing locator at C:\Users\Srinjoy\AppData\Local\Temp\hub-clone-1f6e5.json
[warn] !  functions: The following emulators are not running, calls to these services from the Functions emulator will affect production: auth, firestore, database, pubsub {"metadata":{"emulator":{"name":"functions"},"message":"The following emulators are not running, calls to these services from the Functions emulator will affect production: \u001b[1mauth, firestore, database, pubsub\u001b[22m"}}
[info] +  functions: Using node@12 from host. {"metadata":{"emulator":{"name":"functions"},"message":"Using node@12 from host."}}
[debug] [2021-04-29T13:08:44.241Z] defaultcredentials: writing to file C:\Users\Srinjoy\AppData\Roaming\firebase\srinjoyburmanrko_gmail_com_application_default_credentials.json
[debug] [2021-04-29T13:08:44.246Z] Setting GAC to C:\Users\Srinjoy\AppData\Roaming\firebase\srinjoyburmanrko_gmail_com_application_default_credentials.json {"metadata":{"emulator":{"name":"functions"},"message":"Setting GAC to C:\\Users\\Srinjoy\\AppData\\Roaming\\firebase\\srinjoyburmanrko_gmail_com_application_default_credentials.json"}}
[debug] [2021-04-29T13:08:44.249Z] > refreshing access token with scopes: []
[debug] [2021-04-29T13:08:44.250Z] >>> HTTP REQUEST POST https://www.googleapis.com/oauth2/v3/token  
 <request body omitted>
[debug] [2021-04-29T13:08:44.548Z] <<< HTTP RESPONSE 200 {"expires":"Mon, 01 Jan 1990 00:00:00 GMT","date":"Thu, 29 Apr 2021 13:08:46 GMT","pragma":"no-cache","cache-control":"no-cache, no-store, max-age=0, must-revalidate","content-type":"application/json; charset=utf-8","vary":"X-Origin, Referer, Origin,Accept-Encoding","server":"scaffolding on HTTPServer2","x-xss-protection":"0","x-frame-options":"SAMEORIGIN","x-content-type-options":"nosniff","alt-svc":"h3-29=\":443\"; ma=2592000,h3-T051=\":443\"; ma=2592000,h3-Q050=\":443\"; ma=2592000,h3-Q046=\":443\"; ma=2592000,h3-Q043=\":443\"; ma=2592000,quic=\":443\"; ma=2592000; v=\"46,43\"","accept-ranges":"none","transfer-encoding":"chunked"}
[debug] [2021-04-29T13:08:44.558Z] >>> [apiv2][query] GET https://firebase.googleapis.com/v1beta1/projects/clone-1f6e5/adminSdkConfig [none]
[debug] [2021-04-29T13:08:45.285Z] <<< [apiv2][status] GET https://firebase.googleapis.com/v1beta1/projects/clone-1f6e5/adminSdkConfig 200
[debug] [2021-04-29T13:08:45.285Z] <<< [apiv2][body] GET https://firebase.googleapis.com/v1beta1/projects/clone-1f6e5/adminSdkConfig {"projectId":"clone-1f6e5","storageBucket":"clone-1f6e5.appspot.com","locationId":"asia-south1"}
[debug] [2021-04-29T13:08:47.350Z] >>> [apiv2][query] GET https://firebase.googleapis.com/v1beta1/projects/clone-1f6e5/webApps/-/config [none]
[debug] [2021-04-29T13:08:48.624Z] <<< [apiv2][status] GET https://firebase.googleapis.com/v1beta1/projects/clone-1f6e5/webApps/-/config 200
[debug] [2021-04-29T13:08:48.625Z] <<< [apiv2][body] GET https://firebase.googleapis.com/v1beta1/projects/clone-1f6e5/webApps/-/config {"projectId":"clone-1f6e5","appId":"1:956693514502:web:a091832a905abd6b5cb687","storageBucket":"clone-1f6e5.appspot.com","locationId":"asia-south1","apiKey":"AIzaSyBwoLA9zzKXIBD_SUZLUf6HmeEz3hSjJb0","authDomain":"clone-1f6e5.firebaseapp.com","messagingSenderId":"956693514502","measurementId":"G-5ZVJJFHQWL"}
[info] i  hosting: Serving hosting files from: build {"metadata":{"emulator":{"name":"hosting"},"message":"Serving hosting files from: \u001b[1mbuild\u001b[22m"}}
[info] +  hosting: Local server: http://localhost:5000 {"metadata":{"emulator":{"name":"hosting"},"message":"Local server: \u001b[4m\u001b[1mhttp://localhost:5000\u001b[22m\u001b[24m"}}
[debug] [2021-04-29T13:08:52.767Z] Ignoring unsupported arg: auto_download {"metadata":{"emulator":{"name":"ui"},"message":"Ignoring unsupported arg: auto_download"}}
[debug] [2021-04-29T13:08:52.767Z] Ignoring unsupported arg: port {"metadata":{"emulator":{"name":"ui"},"message":"Ignoring unsupported arg: port"}}
[debug] [2021-04-29T13:08:52.768Z] Starting Emulator UI with command {"binary":"node","args":["C:\\Users\\Srinjoy\\.cache\\firebase\\emulators\\ui-v1.4.2\\server.bundle.js"],"optionalArgs":[],"joinArgs":false} {"metadata":{"emulator":{"name":"ui"},"message":"Starting Emulator UI with command {\"binary\":\"node\",\"args\":[\"C:\\\\Users\\\\Srinjoy\\\\.cache\\\\firebase\\\\emulators\\\\ui-v1.4.2\\\\server.bundle.js\"],\"optionalArgs\":[],\"joinArgs\":false}"}}
[info] i  ui: Emulator UI logging to ui-debug.log {"metadata":{"emulator":{"name":"ui"},"message":"Emulator UI logging to \u001b[1mui-debug.log\u001b[22m"}}
[debug] [2021-04-29T13:08:52.898Z] Web / API server started at http://localhost:4000
 {"metadata":{"emulator":{"name":"ui"},"message":"Web / API server started at http://localhost:4000\n"}}
[info] i  functions: Watching "C:\Users\Srinjoy\Documents\Projects\Capstone Project\amazon-clone\functions" for Cloud Functions... {"metadata":{"emulator":{"name":"functions"},"message":"Watching \"C:\\Users\\Srinjoy\\Documents\\Projects\\Capstone Project\\amazon-clone\\functions\" for Cloud Functions..."}}
[debug] [2021-04-29T13:08:53.319Z] [worker-pool] addWorker(~diagnostic~) {"metadata":{"emulator":{"name":"functions"},"message":"[worker-pool] addWorker(~diagnostic~)"}}
[debug] [2021-04-29T13:08:53.320Z] [worker-pool] Adding worker with key ~diagnostic~, total=1 {"metadata":{"emulator":{"name":"functions"},"message":"[worker-pool] Adding worker with key ~diagnostic~, total=1"}}
[debug] [2021-04-29T13:08:53.320Z] [worker-pool] submitWork(triggerId=) {"metadata":{"emulator":{"name":"functions"},"message":"[worker-pool] submitWork(triggerId=)"}}
[debug] [2021-04-29T13:08:53.320Z] [worker-~diagnostic~-4e104dd2-f1be-423d-b758-9a43dea6ae35]: Assigning socketPath: \\?\pipe\C:\Users\Srinjoy\Documents\Projects\Capstone Project\amazon-clone\functions\17516 {"metadata":{"emulator":{"name":"functions"},"message":"[worker-~diagnostic~-4e104dd2-f1be-423d-b758-9a43dea6ae35]: Assigning socketPath: \\\\?\\pipe\\C:\\Users\\Srinjoy\\Documents\\Projects\\Capstone Project\\amazon-clone\\functions\\17516"}}
[debug] [2021-04-29T13:08:53.321Z] [worker-~diagnostic~-4e104dd2-f1be-423d-b758-9a43dea6ae35]: BUSY {"metadata":{"emulator":{"name":"functions"},"message":"[worker-~diagnostic~-4e104dd2-f1be-423d-b758-9a43dea6ae35]: BUSY"}}
[debug] [2021-04-29T13:08:53.549Z] [runtime-status] [17516] Functions runtime initialized. {"cwd":"C:\\Users\\Srinjoy\\Documents\\Projects\\Capstone Project\\amazon-clone\\functions","node_version":"12.18.3"} {"metadata":{"emulator":{"name":"functions"},"message":"[runtime-status] [17516] Functions runtime initialized. {\"cwd\":\"C:\\\\Users\\\\Srinjoy\\\\Documents\\\\Projects\\\\Capstone Project\\\\amazon-clone\\\\functions\",\"node_version\":\"12.18.3\"}"}}
[debug] [2021-04-29T13:08:53.549Z] [runtime-status] [17516] Disabled runtime features: undefined {"metadata":{"emulator":{"name":"functions"},"message":"[runtime-status] [17516] Disabled runtime features: undefined"}}
[debug] [2021-04-29T13:08:53.557Z] [runtime-status] [17516] Resolved module firebase-admin {"declared":true,"installed":true,"version":"9.6.0","resolution":"C:\\Users\\Srinjoy\\Documents\\Projects\\Capstone Project\\amazon-clone\\functions\\node_modules\\firebase-admin\\lib\\index.js"} {"metadata":{"emulator":{"name":"functions"},"message":"[runtime-status] [17516] Resolved module firebase-admin {\"declared\":true,\"installed\":true,\"version\":\"9.6.0\",\"resolution\":\"C:\\\\Users\\\\Srinjoy\\\\Documents\\\\Projects\\\\Capstone Project\\\\amazon-clone\\\\functions\\\\node_modules\\\\firebase-admin\\\\lib\\\\index.js\"}"}}
[debug] [2021-04-29T13:08:53.559Z] [runtime-status] [17516] Resolved module firebase-functions {"declared":true,"installed":true,"version":"3.13.2","resolution":"C:\\Users\\Srinjoy\\Documents\\Projects\\Capstone Project\\amazon-clone\\functions\\node_modules\\firebase-functions\\lib\\index.js"} {"metadata":{"emulator":{"name":"functions"},"message":"[runtime-status] [17516] Resolved module firebase-functions {\"declared\":true,\"installed\":true,\"version\":\"3.13.2\",\"resolution\":\"C:\\\\Users\\\\Srinjoy\\\\Documents\\\\Projects\\\\Capstone Project\\\\amazon-clone\\\\functions\\\\node_modules\\\\firebase-functions\\\\lib\\\\index.js\"}"}}
[debug] [2021-04-29T13:08:53.560Z] [runtime-status] [17516] Resolved module firebase-functions {"declared":true,"installed":true,"version":"3.13.2","resolution":"C:\\Users\\Srinjoy\\Documents\\Projects\\Capstone Project\\amazon-clone\\functions\\node_modules\\firebase-functions\\lib\\index.js"} {"metadata":{"emulator":{"name":"functions"},"message":"[runtime-status] [17516] Resolved module firebase-functions {\"declared\":true,\"installed\":true,\"version\":\"3.13.2\",\"resolution\":\"C:\\\\Users\\\\Srinjoy\\\\Documents\\\\Projects\\\\Capstone Project\\\\amazon-clone\\\\functions\\\\node_modules\\\\firebase-functions\\\\lib\\\\index.js\"}"}}
[debug] [2021-04-29T13:08:53.562Z] [runtime-status] [17516] Outgoing network have been stubbed. [{"name":"http","status":"mocked"},{"name":"http","status":"mocked"},{"name":"https","status":"mocked"},{"name":"https","status":"mocked"},{"name":"net","status":"mocked"}] {"metadata":{"emulator":{"name":"functions"},"message":"[runtime-status] [17516] Outgoing network have been stubbed. [{\"name\":\"http\",\"status\":\"mocked\"},{\"name\":\"http\",\"status\":\"mocked\"},{\"name\":\"https\",\"status\":\"mocked\"},{\"name\":\"https\",\"status\":\"mocked\"},{\"name\":\"net\",\"status\":\"mocked\"}]"}}
[debug] [2021-04-29T13:08:53.562Z] [runtime-status] [17516] Resolved module firebase-functions {"declared":true,"installed":true,"version":"3.13.2","resolution":"C:\\Users\\Srinjoy\\Documents\\Projects\\Capstone Project\\amazon-clone\\functions\\node_modules\\firebase-functions\\lib\\index.js"} {"metadata":{"emulator":{"name":"functions"},"message":"[runtime-status] [17516] Resolved module firebase-functions {\"declared\":true,\"installed\":true,\"version\":\"3.13.2\",\"resolution\":\"C:\\\\Users\\\\Srinjoy\\\\Documents\\\\Projects\\\\Capstone Project\\\\amazon-clone\\\\functions\\\\node_modules\\\\firebase-functions\\\\lib\\\\index.js\"}"}}
[debug] [2021-04-29T13:08:53.670Z] [runtime-status] [17516] Checked functions.config() {"config":{}} {"metadata":{"emulator":{"name":"functions"},"message":"[runtime-status] [17516] Checked functions.config() {\"config\":{}}"}}
[debug] [2021-04-29T13:08:53.671Z] [runtime-status] [17516] firebase-functions has been stubbed. {"functionsResolution":{"declared":true,"installed":true,"version":"3.13.2","resolution":"C:\\Users\\Srinjoy\\Documents\\Projects\\Capstone Project\\amazon-clone\\functions\\node_modules\\firebase-functions\\lib\\index.js"}} {"metadata":{"emulator":{"name":"functions"},"message":"[runtime-status] [17516] firebase-functions has been stubbed. {\"functionsResolution\":{\"declared\":true,\"installed\":true,\"version\":\"3.13.2\",\"resolution\":\"C:\\\\Users\\\\Srinjoy\\\\Documents\\\\Projects\\\\Capstone Project\\\\amazon-clone\\\\functions\\\\node_modules\\\\firebase-functions\\\\lib\\\\index.js\"}}"}}
[debug] [2021-04-29T13:08:53.671Z] [runtime-status] [17516] Resolved module firebase-functions {"declared":true,"installed":true,"version":"3.13.2","resolution":"C:\\Users\\Srinjoy\\Documents\\Projects\\Capstone Project\\amazon-clone\\functions\\node_modules\\firebase-functions\\lib\\index.js"} {"metadata":{"emulator":{"name":"functions"},"message":"[runtime-status] [17516] Resolved module firebase-functions {\"declared\":true,\"installed\":true,\"version\":\"3.13.2\",\"resolution\":\"C:\\\\Users\\\\Srinjoy\\\\Documents\\\\Projects\\\\Capstone Project\\\\amazon-clone\\\\functions\\\\node_modules\\\\firebase-functions\\\\lib\\\\index.js\"}"}}
[debug] [2021-04-29T13:08:53.671Z] [runtime-status] [17516] Resolved module firebase-admin {"declared":true,"installed":true,"version":"9.6.0","resolution":"C:\\Users\\Srinjoy\\Documents\\Projects\\Capstone Project\\amazon-clone\\functions\\node_modules\\firebase-admin\\lib\\index.js"} {"metadata":{"emulator":{"name":"functions"},"message":"[runtime-status] [17516] Resolved module firebase-admin {\"declared\":true,\"installed\":true,\"version\":\"9.6.0\",\"resolution\":\"C:\\\\Users\\\\Srinjoy\\\\Documents\\\\Projects\\\\Capstone Project\\\\amazon-clone\\\\functions\\\\node_modules\\\\firebase-admin\\\\lib\\\\index.js\"}"}}
[debug] [2021-04-29T13:08:53.672Z] [runtime-status] [17516] Resolved module firebase-functions {"declared":true,"installed":true,"version":"3.13.2","resolution":"C:\\Users\\Srinjoy\\Documents\\Projects\\Capstone Project\\amazon-clone\\functions\\node_modules\\firebase-functions\\lib\\index.js"} {"metadata":{"emulator":{"name":"functions"},"message":"[runtime-status] [17516] Resolved module firebase-functions {\"declared\":true,\"installed\":true,\"version\":\"3.13.2\",\"resolution\":\"C:\\\\Users\\\\Srinjoy\\\\Documents\\\\Projects\\\\Capstone Project\\\\amazon-clone\\\\functions\\\\node_modules\\\\firebase-functions\\\\lib\\\\index.js\"}"}}
[debug] [2021-04-29T13:08:53.672Z] [runtime-status] [17516] firebase-admin has been stubbed. {"adminResolution":{"declared":true,"installed":true,"version":"9.6.0","resolution":"C:\\Users\\Srinjoy\\Documents\\Projects\\Capstone Project\\amazon-clone\\functions\\node_modules\\firebase-admin\\lib\\index.js"}} {"metadata":{"emulator":{"name":"functions"},"message":"[runtime-status] [17516] firebase-admin has been stubbed. {\"adminResolution\":{\"declared\":true,\"installed\":true,\"version\":\"9.6.0\",\"resolution\":\"C:\\\\Users\\\\Srinjoy\\\\Documents\\\\Projects\\\\Capstone Project\\\\amazon-clone\\\\functions\\\\node_modules\\\\firebase-admin\\\\lib\\\\index.js\"}}"}}
[info] +  functions[api]: http function initialized (http://localhost:5001/clone-1f6e5/us-central1/api). {"metadata":{"emulator":{"name":"functions"},"message":"\u001b[1mhttp\u001b[22m function initialized (http://localhost:5001/clone-1f6e5/us-central1/api)."}}
[info] 
┌─────────────────────────────────────────────────────────────┐
│ ✔  All emulators ready! It is now safe to connect your app. │
│ i  View Emulator UI at http://localhost:4000                │
└─────────────────────────────────────────────────────────────┘

┌───────────┬────────────────┬─────────────────────────────────┐
│ Emulator  │ Host:Port      │ View in Emulator UI             │
├───────────┼────────────────┼─────────────────────────────────┤
│ Functions │ localhost:5001 │ http://localhost:4000/functions │
├───────────┼────────────────┼─────────────────────────────────┤
│ Hosting   │ localhost:5000 │ n/a                             │
└───────────┴────────────────┴─────────────────────────────────┘
  Emulator Hub running at localhost:4400
  Other reserved ports: 4500

Issues? Report them at https://github.com/firebase/firebase-tools/issues and attach the *-debug.log files.
 
[debug] [2021-04-29T13:08:54.052Z] [worker-~diagnostic~-4e104dd2-f1be-423d-b758-9a43dea6ae35]: IDLE {"metadata":{"emulator":{"name":"functions"},"message":"[worker-~diagnostic~-4e104dd2-f1be-423d-b758-9a43dea6ae35]: IDLE"}}
[debug] [2021-04-29T13:09:58.766Z] [work-queue] {"queueLength":1,"workRunningCount":0}
[debug] [2021-04-29T13:09:58.768Z] [work-queue] {"queueLength":0,"workRunningCount":1}
[debug] [2021-04-29T13:09:58.771Z] Accepted request POST /clone-1f6e5/us-central1/api/payments/create?total=3249000 --> api
[debug] [2021-04-29T13:09:58.787Z] [worker-pool] addWorker(api) {"metadata":{"emulator":{"name":"functions"},"message":"[worker-pool] addWorker(api)"}}
[debug] [2021-04-29T13:09:58.787Z] [worker-pool] Adding worker with key api, total=1 {"metadata":{"emulator":{"name":"functions"},"message":"[worker-pool] Adding worker with key api, total=1"}}
[debug] [2021-04-29T13:09:58.788Z] [worker-pool] submitWork(triggerId=api) {"metadata":{"emulator":{"name":"functions"},"message":"[worker-pool] submitWork(triggerId=api)"}}
[debug] [2021-04-29T13:09:58.788Z] [worker-api-741f99dd-c887-41f1-88e9-138bb4be889a]: Assigning socketPath: \\?\pipe\C:\Users\Srinjoy\Documents\Projects\Capstone Project\amazon-clone\functions\8072 {"metadata":{"emulator":{"name":"functions"},"message":"[worker-api-741f99dd-c887-41f1-88e9-138bb4be889a]: Assigning socketPath: \\\\?\\pipe\\C:\\Users\\Srinjoy\\Documents\\Projects\\Capstone Project\\amazon-clone\\functions\\8072"}}
[debug] [2021-04-29T13:09:58.788Z] [worker-api-741f99dd-c887-41f1-88e9-138bb4be889a]: BUSY {"metadata":{"emulator":{"name":"functions"},"message":"[worker-api-741f99dd-c887-41f1-88e9-138bb4be889a]: BUSY"}}
[debug] [2021-04-29T13:09:59.192Z] [runtime-status] [8072] Functions runtime initialized. {"cwd":"C:\\Users\\Srinjoy\\Documents\\Projects\\Capstone Project\\amazon-clone\\functions","node_version":"12.18.3"} {"metadata":{"emulator":{"name":"functions"},"function":{"name":"api"},"message":"[runtime-status] [8072] Functions runtime initialized. {\"cwd\":\"C:\\\\Users\\\\Srinjoy\\\\Documents\\\\Projects\\\\Capstone Project\\\\amazon-clone\\\\functions\",\"node_version\":\"12.18.3\"}"}}
[debug] [2021-04-29T13:09:59.194Z] [runtime-status] [8072] Disabled runtime features: undefined {"metadata":{"emulator":{"name":"functions"},"function":{"name":"api"},"message":"[runtime-status] [8072] Disabled runtime features: undefined"}}
[debug] [2021-04-29T13:09:59.197Z] [runtime-status] [8072] Resolved module firebase-admin {"declared":true,"installed":true,"version":"9.6.0","resolution":"C:\\Users\\Srinjoy\\Documents\\Projects\\Capstone Project\\amazon-clone\\functions\\node_modules\\firebase-admin\\lib\\index.js"} {"metadata":{"emulator":{"name":"functions"},"function":{"name":"api"},"message":"[runtime-status] [8072] Resolved module firebase-admin {\"declared\":true,\"installed\":true,\"version\":\"9.6.0\",\"resolution\":\"C:\\\\Users\\\\Srinjoy\\\\Documents\\\\Projects\\\\Capstone Project\\\\amazon-clone\\\\functions\\\\node_modules\\\\firebase-admin\\\\lib\\\\index.js\"}"}}
[debug] [2021-04-29T13:09:59.203Z] [runtime-status] [8072] Resolved module firebase-functions {"declared":true,"installed":true,"version":"3.13.2","resolution":"C:\\Users\\Srinjoy\\Documents\\Projects\\Capstone Project\\amazon-clone\\functions\\node_modules\\firebase-functions\\lib\\index.js"} {"metadata":{"emulator":{"name":"functions"},"function":{"name":"api"},"message":"[runtime-status] [8072] Resolved module firebase-functions {\"declared\":true,\"installed\":true,\"version\":\"3.13.2\",\"resolution\":\"C:\\\\Users\\\\Srinjoy\\\\Documents\\\\Projects\\\\Capstone Project\\\\amazon-clone\\\\functions\\\\node_modules\\\\firebase-functions\\\\lib\\\\index.js\"}"}}
[debug] [2021-04-29T13:09:59.205Z] [runtime-status] [8072] Resolved module firebase-functions {"declared":true,"installed":true,"version":"3.13.2","resolution":"C:\\Users\\Srinjoy\\Documents\\Projects\\Capstone Project\\amazon-clone\\functions\\node_modules\\firebase-functions\\lib\\index.js"} {"metadata":{"emulator":{"name":"functions"},"function":{"name":"api"},"message":"[runtime-status] [8072] Resolved module firebase-functions {\"declared\":true,\"installed\":true,\"version\":\"3.13.2\",\"resolution\":\"C:\\\\Users\\\\Srinjoy\\\\Documents\\\\Projects\\\\Capstone Project\\\\amazon-clone\\\\functions\\\\node_modules\\\\firebase-functions\\\\lib\\\\index.js\"}"}}
[debug] [2021-04-29T13:09:59.207Z] [runtime-status] [8072] Outgoing network have been stubbed. [{"name":"http","status":"mocked"},{"name":"http","status":"mocked"},{"name":"https","status":"mocked"},{"name":"https","status":"mocked"},{"name":"net","status":"mocked"}] {"metadata":{"emulator":{"name":"functions"},"function":{"name":"api"},"message":"[runtime-status] [8072] Outgoing network have been stubbed. [{\"name\":\"http\",\"status\":\"mocked\"},{\"name\":\"http\",\"status\":\"mocked\"},{\"name\":\"https\",\"status\":\"mocked\"},{\"name\":\"https\",\"status\":\"mocked\"},{\"name\":\"net\",\"status\":\"mocked\"}]"}}
[debug] [2021-04-29T13:09:59.208Z] [runtime-status] [8072] Resolved module firebase-functions {"declared":true,"installed":true,"version":"3.13.2","resolution":"C:\\Users\\Srinjoy\\Documents\\Projects\\Capstone Project\\amazon-clone\\functions\\node_modules\\firebase-functions\\lib\\index.js"} {"metadata":{"emulator":{"name":"functions"},"function":{"name":"api"},"message":"[runtime-status] [8072] Resolved module firebase-functions {\"declared\":true,\"installed\":true,\"version\":\"3.13.2\",\"resolution\":\"C:\\\\Users\\\\Srinjoy\\\\Documents\\\\Projects\\\\Capstone Project\\\\amazon-clone\\\\functions\\\\node_modules\\\\firebase-functions\\\\lib\\\\index.js\"}"}}
[debug] [2021-04-29T13:09:59.305Z] [runtime-status] [8072] Checked functions.config() {"config":{}} {"metadata":{"emulator":{"name":"functions"},"function":{"name":"api"},"message":"[runtime-status] [8072] Checked functions.config() {\"config\":{}}"}}
[debug] [2021-04-29T13:09:59.305Z] [runtime-status] [8072] firebase-functions has been stubbed. {"functionsResolution":{"declared":true,"installed":true,"version":"3.13.2","resolution":"C:\\Users\\Srinjoy\\Documents\\Projects\\Capstone Project\\amazon-clone\\functions\\node_modules\\firebase-functions\\lib\\index.js"}} {"metadata":{"emulator":{"name":"functions"},"function":{"name":"api"},"message":"[runtime-status] [8072] firebase-functions has been stubbed. {\"functionsResolution\":{\"declared\":true,\"installed\":true,\"version\":\"3.13.2\",\"resolution\":\"C:\\\\Users\\\\Srinjoy\\\\Documents\\\\Projects\\\\Capstone Project\\\\amazon-clone\\\\functions\\\\node_modules\\\\firebase-functions\\\\lib\\\\index.js\"}}"}}
[debug] [2021-04-29T13:09:59.307Z] [runtime-status] [8072] Resolved module firebase-functions {"declared":true,"installed":true,"version":"3.13.2","resolution":"C:\\Users\\Srinjoy\\Documents\\Projects\\Capstone Project\\amazon-clone\\functions\\node_modules\\firebase-functions\\lib\\index.js"} {"metadata":{"emulator":{"name":"functions"},"function":{"name":"api"},"message":"[runtime-status] [8072] Resolved module firebase-functions {\"declared\":true,\"installed\":true,\"version\":\"3.13.2\",\"resolution\":\"C:\\\\Users\\\\Srinjoy\\\\Documents\\\\Projects\\\\Capstone Project\\\\amazon-clone\\\\functions\\\\node_modules\\\\firebase-functions\\\\lib\\\\index.js\"}"}}
[debug] [2021-04-29T13:09:59.308Z] [runtime-status] [8072] Resolved module firebase-admin {"declared":true,"installed":true,"version":"9.6.0","resolution":"C:\\Users\\Srinjoy\\Documents\\Projects\\Capstone Project\\amazon-clone\\functions\\node_modules\\firebase-admin\\lib\\index.js"} {"metadata":{"emulator":{"name":"functions"},"function":{"name":"api"},"message":"[runtime-status] [8072] Resolved module firebase-admin {\"declared\":true,\"installed\":true,\"version\":\"9.6.0\",\"resolution\":\"C:\\\\Users\\\\Srinjoy\\\\Documents\\\\Projects\\\\Capstone Project\\\\amazon-clone\\\\functions\\\\node_modules\\\\firebase-admin\\\\lib\\\\index.js\"}"}}
[debug] [2021-04-29T13:09:59.309Z] [runtime-status] [8072] Resolved module firebase-functions {"declared":true,"installed":true,"version":"3.13.2","resolution":"C:\\Users\\Srinjoy\\Documents\\Projects\\Capstone Project\\amazon-clone\\functions\\node_modules\\firebase-functions\\lib\\index.js"} {"metadata":{"emulator":{"name":"functions"},"function":{"name":"api"},"message":"[runtime-status] [8072] Resolved module firebase-functions {\"declared\":true,\"installed\":true,\"version\":\"3.13.2\",\"resolution\":\"C:\\\\Users\\\\Srinjoy\\\\Documents\\\\Projects\\\\Capstone Project\\\\amazon-clone\\\\functions\\\\node_modules\\\\firebase-functions\\\\lib\\\\index.js\"}"}}
[debug] [2021-04-29T13:09:59.309Z] [runtime-status] [8072] firebase-admin has been stubbed. {"adminResolution":{"declared":true,"installed":true,"version":"9.6.0","resolution":"C:\\Users\\Srinjoy\\Documents\\Projects\\Capstone Project\\amazon-clone\\functions\\node_modules\\firebase-admin\\lib\\index.js"}} {"metadata":{"emulator":{"name":"functions"},"function":{"name":"api"},"message":"[runtime-status] [8072] firebase-admin has been stubbed. {\"adminResolution\":{\"declared\":true,\"installed\":true,\"version\":\"9.6.0\",\"resolution\":\"C:\\\\Users\\\\Srinjoy\\\\Documents\\\\Projects\\\\Capstone Project\\\\amazon-clone\\\\functions\\\\node_modules\\\\firebase-admin\\\\lib\\\\index.js\"}}"}}
[debug] [2021-04-29T13:09:59.640Z] [runtime-status] [8072] Trigger "api" has been found, beginning invocation! {"metadata":{"emulator":{"name":"functions"},"function":{"name":"api"},"message":"[runtime-status] [8072] Trigger \"api\" has been found, beginning invocation!"}}
[info] i  functions: Beginning execution of "api" {"metadata":{"emulator":{"name":"functions"},"function":{"name":"api"},"message":"Beginning execution of \"api\""}}
[debug] [2021-04-29T13:09:59.641Z] [runtime-status] [8072] triggerDefinition {"httpsTrigger":{},"name":"api","entryPoint":"api"} {"metadata":{"emulator":{"name":"functions"},"function":{"name":"api"},"message":"[runtime-status] [8072] triggerDefinition {\"httpsTrigger\":{},\"name\":\"api\",\"entryPoint\":\"api\"}"}}
[debug] [2021-04-29T13:09:59.641Z] [runtime-status] [8072] Running api in mode HTTPS {"metadata":{"emulator":{"name":"functions"},"function":{"name":"api"},"message":"[runtime-status] [8072] Running api in mode HTTPS"}}
[debug] [2021-04-29T13:09:59.646Z] [runtime-status] [8072] Attempting to listen to socketPath: \\?\pipe\C:\Users\Srinjoy\Documents\Projects\Capstone Project\amazon-clone\functions\8072 {"metadata":{"emulator":{"name":"functions"},"function":{"name":"api"},"message":"[runtime-status] [8072] Attempting to listen to socketPath: \\\\?\\pipe\\C:\\Users\\Srinjoy\\Documents\\Projects\\Capstone Project\\amazon-clone\\functions\\8072"}}
[debug] [2021-04-29T13:09:59.656Z] [functions] Runtime ready! Sending request! {"metadata":{"emulator":{"name":"functions"},"message":"[functions] Runtime ready! Sending request!"}}
[debug] [2021-04-29T13:09:59.658Z] [functions] Got req.url=/clone-1f6e5/us-central1/api/payments/create?total=3249000, mapping to path=/payments/create?total=3249000 {"metadata":{"emulator":{"name":"functions"},"message":"[functions] Got req.url=/clone-1f6e5/us-central1/api/payments/create?total=3249000, mapping to path=/payments/create?total=3249000"}}
[debug] [2021-04-29T13:09:59.674Z] [runtime-status] [8072] Ephemeral server handling POST request {"metadata":{"emulator":{"name":"functions"},"function":{"name":"api"},"message":"[runtime-status] [8072] Ephemeral server handling POST request"}}
[info] >  Payment Request Recieved for this amount >>>  3249000 {"user":"Payment Request Recieved for this amount >>>  3249000","metadata":{"emulator":{"name":"functions"},"function":{"name":"api"},"message":"\u001b[90m> \u001b[39m Payment Request Recieved for this amount >>>  3249000"}}
[debug] [2021-04-29T13:09:59.711Z] [runtime-status] [8072] Ephemeral server survived. {"metadata":{"emulator":{"name":"functions"},"function":{"name":"api"},"message":"[runtime-status] [8072] Ephemeral server survived."}}
[info] i  functions: Finished "api" in ~1s {"metadata":{"emulator":{"name":"functions"},"function":{"name":"api"},"message":"Finished \"api\" in ~1s"}}
[debug] [2021-04-29T13:10:00.735Z] [worker-api-741f99dd-c887-41f1-88e9-138bb4be889a]: IDLE {"metadata":{"emulator":{"name":"functions"},"message":"[worker-api-741f99dd-c887-41f1-88e9-138bb4be889a]: IDLE"}}
[debug] [2021-04-29T13:10:00.735Z] [work-queue] {"queueLength":0,"workRunningCount":0}
[debug] [2021-04-29T13:10:58.683Z] [work-queue] {"queueLength":1,"workRunningCount":0}
[debug] [2021-04-29T13:10:58.683Z] [work-queue] {"queueLength":0,"workRunningCount":1}
[debug] [2021-04-29T13:10:58.683Z] Accepted request POST /clone-1f6e5/us-central1/api/payments/create?total=0 --> api
[debug] [2021-04-29T13:10:58.684Z] [worker-pool] submitWork(triggerId=api) {"metadata":{"emulator":{"name":"functions"},"message":"[worker-pool] submitWork(triggerId=api)"}}
[debug] [2021-04-29T13:10:58.684Z] [worker-api-741f99dd-c887-41f1-88e9-138bb4be889a]: Assigning socketPath: \\?\pipe\C:\Users\Srinjoy\Documents\Projects\Capstone Project\amazon-clone\functions\8072 {"metadata":{"emulator":{"name":"functions"},"message":"[worker-api-741f99dd-c887-41f1-88e9-138bb4be889a]: Assigning socketPath: \\\\?\\pipe\\C:\\Users\\Srinjoy\\Documents\\Projects\\Capstone Project\\amazon-clone\\functions\\8072"}}
[debug] [2021-04-29T13:10:58.684Z] [worker-api-741f99dd-c887-41f1-88e9-138bb4be889a]: BUSY {"metadata":{"emulator":{"name":"functions"},"message":"[worker-api-741f99dd-c887-41f1-88e9-138bb4be889a]: BUSY"}}
[debug] [2021-04-29T13:10:58.685Z] [runtime-status] [8072] Trigger "api" has been found, beginning invocation! {"metadata":{"emulator":{"name":"functions"},"function":{"name":"api"},"message":"[runtime-status] [8072] Trigger \"api\" has been found, beginning invocation!"}}
[info] i  functions: Beginning execution of "api" {"metadata":{"emulator":{"name":"functions"},"function":{"name":"api"},"message":"Beginning execution of \"api\""}}
[debug] [2021-04-29T13:10:58.688Z] [runtime-status] [8072] triggerDefinition {"httpsTrigger":{},"name":"api","entryPoint":"api"} {"metadata":{"emulator":{"name":"functions"},"function":{"name":"api"},"message":"[runtime-status] [8072] triggerDefinition {\"httpsTrigger\":{},\"name\":\"api\",\"entryPoint\":\"api\"}"}}
[debug] [2021-04-29T13:10:58.689Z] [runtime-status] [8072] Running api in mode HTTPS {"metadata":{"emulator":{"name":"functions"},"function":{"name":"api"},"message":"[runtime-status] [8072] Running api in mode HTTPS"}}
[debug] [2021-04-29T13:10:58.690Z] [runtime-status] [8072] Attempting to listen to socketPath: \\?\pipe\C:\Users\Srinjoy\Documents\Projects\Capstone Project\amazon-clone\functions\8072 {"metadata":{"emulator":{"name":"functions"},"function":{"name":"api"},"message":"[runtime-status] [8072] Attempting to listen to socketPath: \\\\?\\pipe\\C:\\Users\\Srinjoy\\Documents\\Projects\\Capstone Project\\amazon-clone\\functions\\8072"}}
[debug] [2021-04-29T13:10:58.698Z] [functions] Runtime ready! Sending request! {"metadata":{"emulator":{"name":"functions"},"message":"[functions] Runtime ready! Sending request!"}}
[debug] [2021-04-29T13:10:58.700Z] [functions] Got req.url=/clone-1f6e5/us-central1/api/payments/create?total=0, mapping to path=/payments/create?total=0 {"metadata":{"emulator":{"name":"functions"},"message":"[functions] Got req.url=/clone-1f6e5/us-central1/api/payments/create?total=0, mapping to path=/payments/create?total=0"}}
[debug] [2021-04-29T13:10:58.705Z] [runtime-status] [8072] Ephemeral server handling POST request {"metadata":{"emulator":{"name":"functions"},"function":{"name":"api"},"message":"[runtime-status] [8072] Ephemeral server handling POST request"}}
[info] >  Payment Request Recieved for this amount >>>  0 {"user":"Payment Request Recieved for this amount >>>  0","metadata":{"emulator":{"name":"functions"},"function":{"name":"api"},"message":"\u001b[90m> \u001b[39m Payment Request Recieved for this amount >>>  0"}}
[debug] [2021-04-29T13:10:58.711Z] [runtime-status] [8072] Ephemeral server survived. {"metadata":{"emulator":{"name":"functions"},"function":{"name":"api"},"message":"[runtime-status] [8072] Ephemeral server survived."}}
[info] >  (node:8072) UnhandledPromiseRejectionWarning: Error: This value must be greater than or equal to 1. {"user":"(node:8072) UnhandledPromiseRejectionWarning: Error: This value must be greater than or equal to 1.","metadata":{"emulator":{"name":"functions"},"function":{"name":"api"},"message":"\u001b[90m> \u001b[39m (node:8072) UnhandledPromiseRejectionWarning: Error: This value must be greater than or equal to 1."}}
[info] >      at Function.generate (C:\Users\Srinjoy\Documents\Projects\Capstone Project\amazon-clone\functions\node_modules\stripe\lib\Error.js:40:16) {"user":"    at Function.generate (C:\\Users\\Srinjoy\\Documents\\Projects\\Capstone Project\\amazon-clone\\functions\\node_modules\\stripe\\lib\\Error.js:40:16)","metadata":{"emulator":{"name":"functions"},"function":{"name":"api"},"message":"\u001b[90m> \u001b[39m     at Function.generate (C:\\Users\\Srinjoy\\Documents\\Projects\\Capstone Project\\amazon-clone\\functions\\node_modules\\stripe\\lib\\Error.js:40:16)"}}
[info] >      at IncomingMessage.<anonymous> (C:\Users\Srinjoy\Documents\Projects\Capstone Project\amazon-clone\functions\node_modules\stripe\lib\StripeResource.js:180:33) {"user":"    at IncomingMessage.<anonymous> (C:\\Users\\Srinjoy\\Documents\\Projects\\Capstone Project\\amazon-clone\\functions\\node_modules\\stripe\\lib\\StripeResource.js:180:33)","metadata":{"emulator":{"name":"functions"},"function":{"name":"api"},"message":"\u001b[90m> \u001b[39m     at IncomingMessage.<anonymous> (C:\\Users\\Srinjoy\\Documents\\Projects\\Capstone Project\\amazon-clone\\functions\\node_modules\\stripe\\lib\\StripeResource.js:180:33)"}}
[info] >      at Object.onceWrapper (events.js:421:28) {"user":"    at Object.onceWrapper (events.js:421:28)","metadata":{"emulator":{"name":"functions"},"function":{"name":"api"},"message":"\u001b[90m> \u001b[39m     at Object.onceWrapper (events.js:421:28)"}}
[info] >      at IncomingMessage.emit (events.js:327:22) {"user":"    at IncomingMessage.emit (events.js:327:22)","metadata":{"emulator":{"name":"functions"},"function":{"name":"api"},"message":"\u001b[90m> \u001b[39m     at IncomingMessage.emit (events.js:327:22)"}}
[info] >      at endReadableNT (_stream_readable.js:1220:12) {"user":"    at endReadableNT (_stream_readable.js:1220:12)","metadata":{"emulator":{"name":"functions"},"function":{"name":"api"},"message":"\u001b[90m> \u001b[39m     at endReadableNT (_stream_readable.js:1220:12)"}}
[info] >      at processTicksAndRejections (internal/process/task_queues.js:84:21) {"user":"    at processTicksAndRejections (internal/process/task_queues.js:84:21)","metadata":{"emulator":{"name":"functions"},"function":{"name":"api"},"message":"\u001b[90m> \u001b[39m     at processTicksAndRejections (internal/process/task_queues.js:84:21)"}}
[info] >  (node:8072) UnhandledPromiseRejectionWarning: Unhandled promise rejection. This error originated either by throwing inside of an async function without a catch block, or by rejecting a promise which was not handled with .catch(). To terminate the node process on unhandled promise rejection, use the CLI flag `--unhandled-rejections=strict` (see https://nodejs.org/api/cli.html#cli_unhandled_rejections_mode). (rejection id: 1) {"user":"(node:8072) UnhandledPromiseRejectionWarning: Unhandled promise rejection. This error originated either by throwing inside of an async function without a catch block, or by rejecting a promise which was not handled with .catch(). To terminate the node process on unhandled promise rejection, use the CLI flag `--unhandled-rejections=strict` (see https://nodejs.org/api/cli.html#cli_unhandled_rejections_mode). (rejection id: 1)","metadata":{"emulator":{"name":"functions"},"function":{"name":"api"},"message":"\u001b[90m> \u001b[39m (node:8072) UnhandledPromiseRejectionWarning: Unhandled promise rejection. This error originated either by throwing inside of an async function without a catch block, or by rejecting a promise which was not handled with .catch(). To terminate the node process on unhandled promise rejection, use the CLI flag `--unhandled-rejections=strict` (see https://nodejs.org/api/cli.html#cli_unhandled_rejections_mode). (rejection id: 1)"}}
[info] >  (node:8072) [DEP0018] DeprecationWarning: Unhandled promise rejections are deprecated. In the future, promise rejections that are not handled will terminate the Node.js process with a non-zero exit code. {"user":"(node:8072) [DEP0018] DeprecationWarning: Unhandled promise rejections are deprecated. In the future, promise rejections that are not handled will terminate the Node.js process with a non-zero exit code.","metadata":{"emulator":{"name":"functions"},"function":{"name":"api"},"message":"\u001b[90m> \u001b[39m (node:8072) [DEP0018] DeprecationWarning: Unhandled promise rejections are deprecated. In the future, promise rejections that are not handled will terminate the Node.js process with a non-zero exit code."}}
[warn] !  functions: Your function timed out after ~60s. To configure this timeout, see
      https://firebase.google.com/docs/functions/manage-functions#set_timeout_and_memory_allocation. {"metadata":{"emulator":{"name":"functions"},"function":{"name":"api"},"message":"Your function timed out after ~60s. To configure this timeout, see\n      https://firebase.google.com/docs/functions/manage-functions#set_timeout_and_memory_allocation."}}
[info] >  C:\Users\Srinjoy\AppData\Roaming\npm\node_modules\firebase-tools\lib\emulator\functionsEmulatorRuntime.js:644 {"user":"C:\\Users\\Srinjoy\\AppData\\Roaming\\npm\\node_modules\\firebase-tools\\lib\\emulator\\functionsEmulatorRuntime.js:644\r","metadata":{"emulator":{"name":"functions"},"function":{"name":"api"},"message":"\u001b[90m> \u001b[39m C:\\Users\\Srinjoy\\AppData\\Roaming\\npm\\node_modules\\firebase-tools\\lib\\emulator\\functionsEmulatorRuntime.js:644\r"}}
[info] >              throw new Error("Function timed out."); {"user":"            throw new Error(\"Function timed out.\");\r","metadata":{"emulator":{"name":"functions"},"function":{"name":"api"},"message":"\u001b[90m> \u001b[39m             throw new Error(\"Function timed out.\");\r"}}
[info] >              ^ {"user":"            ^\r","metadata":{"emulator":{"name":"functions"},"function":{"name":"api"},"message":"\u001b[90m> \u001b[39m             ^\r"}}
[info] >   {"user":"\r","metadata":{"emulator":{"name":"functions"},"function":{"name":"api"},"message":"\u001b[90m> \u001b[39m \r"}}
[info] >  Error: Function timed out. {"user":"Error: Function timed out.\r","metadata":{"emulator":{"name":"functions"},"function":{"name":"api"},"message":"\u001b[90m> \u001b[39m Error: Function timed out.\r"}}
[info] >      at Timeout._onTimeout (C:\Users\Srinjoy\AppData\Roaming\npm\node_modules\firebase-tools\lib\emulator\functionsEmulatorRuntime.js:644:19) {"user":"    at Timeout._onTimeout (C:\\Users\\Srinjoy\\AppData\\Roaming\\npm\\node_modules\\firebase-tools\\lib\\emulator\\functionsEmulatorRuntime.js:644:19)\r","metadata":{"emulator":{"name":"functions"},"function":{"name":"api"},"message":"\u001b[90m> \u001b[39m     at Timeout._onTimeout (C:\\Users\\Srinjoy\\AppData\\Roaming\\npm\\node_modules\\firebase-tools\\lib\\emulator\\functionsEmulatorRuntime.js:644:19)\r"}}
[info] >      at listOnTimeout (internal/timers.js:549:17) {"user":"    at listOnTimeout (internal/timers.js:549:17)\r","metadata":{"emulator":{"name":"functions"},"function":{"name":"api"},"message":"\u001b[90m> \u001b[39m     at listOnTimeout (internal/timers.js:549:17)\r"}}
[info] >      at processTimers (internal/timers.js:492:7) {"user":"    at processTimers (internal/timers.js:492:7)\r","metadata":{"emulator":{"name":"functions"},"function":{"name":"api"},"message":"\u001b[90m> \u001b[39m     at processTimers (internal/timers.js:492:7)\r"}}
[debug] [2021-04-29T13:11:58.706Z] [worker-api-741f99dd-c887-41f1-88e9-138bb4be889a]: exited {"metadata":{"emulator":{"name":"functions"},"message":"[worker-api-741f99dd-c887-41f1-88e9-138bb4be889a]: exited"}}
[debug] [2021-04-29T13:11:58.707Z] [worker-api-741f99dd-c887-41f1-88e9-138bb4be889a]: FINISHED {"metadata":{"emulator":{"name":"functions"},"message":"[worker-api-741f99dd-c887-41f1-88e9-138bb4be889a]: FINISHED"}}
[debug] [2021-04-29T13:11:58.707Z] [work-queue] {"queueLength":0,"workRunningCount":0}
[debug] [2021-04-29T13:27:52.787Z] Received signal SIGHUP 1
